
RELATIVISTIC ELECTRONIC STRUCTURE CALCULATION FOR

  GROUND STATE OF ALUMINUM ATOM           

  NUCLEAR CHARGE    =  13.0

  ELECTRONIC CHARGE =  13.0

--------------------------------------------------------------------------------

INFORMATION ON ELECTRONIC CONFIGURATION 

  ORBITAL     N   L   J     OCCUPATION

   1S1/2      1   0  0.5      2.0000
   2S1/2      2   0  0.5      2.0000
   2P1/2      2   1  0.5      2.0000
   2P3/2      2   1  1.5      4.0000
   3S1/2      3   0  0.5      2.0000
   3P1/2      3   1  0.5      1.0000
   3P3/2      3   1  1.5      0.0000
   3D3/2      3   2  1.5      0.0000
   3D5/2      3   2  2.5      0.0000

--------------------------------------------------------------------------------

INFORMATION ON METHOD

  EXCHANGE ENERGY FUNCTIONAL   : F/OPM                                   
                                 --> NORMALIZATION OF EXCHANGE POTENTIAL VIA 
                                     VXASY = - 1/R                           
  CORRELATION ENERGY FUNCTIONAL: NO CORRELATION FUNCTIONAL INCLUDED      

  FORM OF STARTING POTENTIAL   : INTERNAL STARTING POTENTIAL USED        
  MAXIMUM NUMBER OF ITERATIONS : 100

  LATTER CORRECTION CHARGE     : 0.0000
  SPEED OF LIGHT               : 0.1370359895E+09

  FORM OF NUCLEUS              : POINT NUCLEUS                           
  LARGE-R BOUNDARY CONDITIONS  : FREE ATOM                               

--------------------------------------------------------------------------------

INFORMATION ON RADIAL MESH

  NUMBER OF MESH POINTS   = 1600

  MESH PARAMETER H        =  0.0106915347335

  MINIMUM R-VALUE OF MESH =   0.0000037618720 BOHR

  MAXIMUM R-VALUE OF MESH =  99.9999999999999 BOHR

--------------------------------------------------------------------------------

ITERATION TOWARDS SELFCONSISTENCY

  ITERATION N0:   1  VIRIAL RATIO = 1.9705313154  POTDIF =     3.3060230 HARTREE
  ITERATION N0:   2  VIRIAL RATIO = 1.9875983314  POTDIF =    -2.3744010 HARTREE
  ITERATION N0:   3  VIRIAL RATIO = 1.9963756329  POTDIF =    -1.9358887 HARTREE
  ITERATION N0:   4  VIRIAL RATIO = 2.0000629503  POTDIF =    -1.4643423 HARTREE
  ITERATION N0:   5  VIRIAL RATIO = 2.0011955791  POTDIF =    -1.0480874 HARTREE
  ITERATION N0:   6  VIRIAL RATIO = 2.0012760116  POTDIF =    -0.7216311 HARTREE
  ITERATION N0:   7  VIRIAL RATIO = 2.0010267668  POTDIF =    -0.4839946 HARTREE
  ITERATION N0:   8  VIRIAL RATIO = 2.0007376881  POTDIF =    -0.3190314 HARTREE
  ITERATION N0:   9  VIRIAL RATIO = 2.0005003006  POTDIF =    -0.2079414 HARTREE
  ITERATION N0:  10  VIRIAL RATIO = 2.0003285375  POTDIF =    -0.1345599 HARTREE
  ITERATION N0:  11  VIRIAL RATIO = 2.0002117423  POTDIF =    -0.0866768 HARTREE
  ITERATION N0:  12  VIRIAL RATIO = 2.0001349853  POTDIF =    -0.0556764 HARTREE
  ITERATION N0:  13  VIRIAL RATIO = 2.0000855172  POTDIF =    -0.0357012 HARTREE
  ITERATION N0:  14  VIRIAL RATIO = 2.0000539932  POTDIF =    -0.0228707 HARTREE
  ITERATION N0:  15  VIRIAL RATIO = 2.0000340301  POTDIF =    -0.0146459 HARTREE
  ITERATION N0:  16  VIRIAL RATIO = 2.0000214292  POTDIF =    -0.0093740 HARTREE
  ITERATION N0:  17  VIRIAL RATIO = 2.0000134860  POTDIF =    -0.0059998 HARTREE
  ITERATION N0:  18  VIRIAL RATIO = 2.0000084801  POTDIF =    -0.0038424 HARTREE
  ITERATION N0:  19  VIRIAL RATIO = 2.0000053238  POTDIF =    -0.0024584 HARTREE
  ITERATION N0:  20  VIRIAL RATIO = 2.0000033321  POTDIF =    -0.0015748 HARTREE
  ITERATION N0:  21  VIRIAL RATIO = 2.0000020739  POTDIF =    -0.0010082 HARTREE
  ITERATION N0:  22  VIRIAL RATIO = 2.0000012784  POTDIF =    -0.0006459 HARTREE
  ITERATION N0:  23  VIRIAL RATIO = 2.0000007748  POTDIF =    -0.0004137 HARTREE
  ITERATION N0:  24  VIRIAL RATIO = 2.0000004557  POTDIF =    -0.0002651 HARTREE
  ITERATION N0:  25  VIRIAL RATIO = 2.0000002534  POTDIF =    -0.0001671 HARTREE
  ITERATION N0:  26  VIRIAL RATIO = 2.0000001250  POTDIF =    -0.0001101 HARTREE
  ITERATION N0:  27  VIRIAL RATIO = 2.0000000434  POTDIF =    -0.0000697 HARTREE
  ITERATION N0:  28  VIRIAL RATIO = 1.9999999915  POTDIF =    -0.0000448 HARTREE
  ITERATION N0:  29  VIRIAL RATIO = 1.9999999586  POTDIF =    -0.0000296 HARTREE
  ITERATION N0:  30  VIRIAL RATIO = 1.9999999376  POTDIF =    -0.0000198 HARTREE
  ITERATION N0:  31  VIRIAL RATIO = 1.9999999242  POTDIF =    -0.0000110 HARTREE
  ITERATION N0:  32  VIRIAL RATIO = 1.9999999157  POTDIF =    -0.0000070 HARTREE
  ITERATION N0:  33  VIRIAL RATIO = 1.9999999103  POTDIF =    -0.0000058 HARTREE
  ITERATION N0:  34  VIRIAL RATIO = 1.9999999069  POTDIF =    -0.0000030 HARTREE
  ITERATION N0:  35  VIRIAL RATIO = 1.9999999047  POTDIF =    -0.0000021 HARTREE
  ITERATION N0:  36  VIRIAL RATIO = 1.9999999032  POTDIF =    -0.0000022 HARTREE
  ITERATION N0:  37  VIRIAL RATIO = 1.9999999024  POTDIF =     0.0000008 HARTREE

CONVERGENCE AFTER  37 ITERATIONS

  ENERGY DIFFERENCE BETWEEN LAST 2 ITERATIONS    = 0.171E-12 < 0.1E-06 HARTREE
  POTENTIAL DIFFERENCE BETWEEN LAST 2 ITERATIONS = 0.841E-06 < 0.1E-05 HARTREE

--------------------------------------------------------------------------------

INFORMATION ON ACCURACY OF SOLUTION

  NONRELATIVISTIC LEVY-PERDEW X-ONLY VIRIAL RELATION:

  ABSOLUTE ERROR =     -0.0000240 HARTREE
  RELATIVE ERROR =   0.1328E-05

  CONVENTIONAL NONRELATIVISTIC VIRIAL RELATION:

  ABSOLUTE ERROR =     -0.0000236 HARTREE
  RELATIVE ERROR =   0.9757E-07

  KRIEGER-LI-IAFRATE IDENTITY FOR HIGHEST OCCUPIED ORBITAL:  N=3 L=1 J=0.5

                         LONGITUDINAL EXCHANGE     TOTAL EXCHANGE

  RHF-EXPECTATION VALUE =     -0.209167               -0.209167   HARTREE
  ABSOLUTE ERROR        =     -0.000002               -0.000002   HARTREE
  RELATIVE ERROR        =      0.000007                0.000007

  ORTHONORMALITY INTEGRALS:

   1S1/2 :  NORM UP TO OUTERMOST MESH POINT = 1.000000000000
            OVERLAP WITH  2S1/2              = -0.8345E-15
            OVERLAP WITH  3S1/2              = -0.1273E-14
   2S1/2 :  NORM UP TO OUTERMOST MESH POINT = 1.000000000000
            OVERLAP WITH  3S1/2              =  0.4662E-15
   2P1/2 :  NORM UP TO OUTERMOST MESH POINT = 1.000000000000
            OVERLAP WITH  3P1/2              =  0.1236E-14
   2P3/2 :  NORM UP TO OUTERMOST MESH POINT = 1.000000000000
            OVERLAP WITH  3P3/2              =  0.9532E-15
   3S1/2 :  NORM UP TO OUTERMOST MESH POINT = 1.000000000000
   3P1/2 :  NORM UP TO OUTERMOST MESH POINT = 1.000000000000
   3P3/2 :  NORM UP TO OUTERMOST MESH POINT = 1.000000000000
   3D3/2 :  NORM UP TO OUTERMOST MESH POINT = 1.000000000000
   3D5/2 :  NORM UP TO OUTERMOST MESH POINT = 1.000000000000


--------------------------------------------------------------------------------

INFORMATION ON ORBITALS

  EIGENVALUES:

  ORBITAL     N   L   J     OCCUPATION          EIGENVALUE

   1S1/2      1   0  0.5      2.0000        -55.56593818 HARTREE
   2S1/2      2   0  0.5      2.0000         -4.16559701 HARTREE
   2P1/2      2   1  0.5      2.0000         -2.73699487 HARTREE
   2P3/2      2   1  1.5      4.0000         -2.73699487 HARTREE
   3S1/2      3   0  0.5      2.0000         -0.38912483 HARTREE
   3P1/2      3   1  0.5      1.0000         -0.20916896 HARTREE
   3P3/2      3   1  1.5      0.0000         -0.20916896 HARTREE
   3D3/2      3   2  1.5      0.0000         -0.06610194 HARTREE
   3D5/2      3   2  2.5      0.0000         -0.06610194 HARTREE

  VARIOUS R-EXPECTATION VALUES (IN POWERS OF BOHR):

   ORBITAL     N   L   J     OCCUPATION     <1/R>       <R>           <R**2>

    1S1/2      1   0  0.5      2.0000      12.5863    0.1203721     0.0195070038
    2S1/2      2   0  0.5      2.0000       2.3360    0.6238585     0.4654075777
    2P1/2      2   1  0.5      2.0000       2.2072    0.6007714     0.4567488980
    2P3/2      2   1  1.5      4.0000       2.2072    0.6007714     0.4567488980
    3S1/2      3   0  0.5      2.0000       0.5153    2.5880136     7.8164199576
    3P1/2      3   1  0.5      1.0000       0.3812    3.4505601    14.1597662871
    3P3/2      3   1  1.5      0.0000       0.3812    3.4505601    14.1597662871
    3D3/2      3   2  1.5      0.0000       0.1541    7.9932496    75.8061052855
    3D5/2      3   2  2.5      0.0000       0.1541    7.9932496    75.8061052855
   TOTAL DENSITY                            3.4231    1.0553598     2.5771483656

  DENSITY AT THE ORIGIN = 0.1402851683E+04 BOHR**(-3)

--------------------------------------------------------------------------------

INFORMATION ON ENERGY COMPONENTS

  TOTAL GROUND STATE ENERGY           =       -241.873208 HARTREE
  KINETIC ENERGY                      =        241.873231 HARTREE
  EXTERNAL POTENTIAL ENERGY           =       -578.496133 HARTREE
  HARTREE ENERGY                      =        112.812378 HARTREE
  EXCHANGE ENERGY                     =        -18.062684 HARTREE
  CORRELATION ENERGY                  =          0.000000 HARTREE
  EXCHANGE-CORRELATION ENERGY         =        -18.062684 HARTREE

--------------------------------------------------------------------------------

INFORMATION ON FILE HANDLING

  POTENTIALS WRITTEN OUT TO FILE: /home/trushin/MCEXX/relks_fncpp_new/potal                             

GENERATED ON   4/ 5/2023  AT  16:58: 6:175

--------------------------------------------------------------------------------
