
RELATIVISTIC ELECTRONIC STRUCTURE CALCULATION FOR

  GROUND STATE OF ARGON ATOM              

  NUCLEAR CHARGE    =  18.0

  ELECTRONIC CHARGE =  18.0

--------------------------------------------------------------------------------

INFORMATION ON ELECTRONIC CONFIGURATION 

  ORBITAL     N   L   J     OCCUPATION

   1S1/2      1   0  0.5      2.0000
   2S1/2      2   0  0.5      2.0000
   2P1/2      2   1  0.5      2.0000
   2P3/2      2   1  1.5      4.0000
   3S1/2      3   0  0.5      2.0000
   3P1/2      3   1  0.5      2.0000
   3P3/2      3   1  1.5      4.0000
   3D3/2      3   2  1.5      0.0000
   3D5/2      3   2  2.5      0.0000

--------------------------------------------------------------------------------

INFORMATION ON METHOD

  EXCHANGE ENERGY FUNCTIONAL   : F/OPM                                   
                                 --> NORMALIZATION OF EXCHANGE POTENTIAL VIA 
                                     VXASY = - 1/R                           
  CORRELATION ENERGY FUNCTIONAL: NO CORRELATION FUNCTIONAL INCLUDED      

  FORM OF STARTING POTENTIAL   : INTERNAL STARTING POTENTIAL USED        
  MAXIMUM NUMBER OF ITERATIONS : 100

  LATTER CORRECTION CHARGE     : 0.0000
  SPEED OF LIGHT               : 0.1370359895E+09

  FORM OF NUCLEUS              : POINT NUCLEUS                           
  LARGE-R BOUNDARY CONDITIONS  : FREE ATOM                               

--------------------------------------------------------------------------------

INFORMATION ON RADIAL MESH

  NUMBER OF MESH POINTS   = 1600

  MESH PARAMETER H        =  0.0106178283346

  MINIMUM R-VALUE OF MESH =   0.0000042324171 BOHR

  MAXIMUM R-VALUE OF MESH = 100.0000000000002 BOHR

--------------------------------------------------------------------------------

ITERATION TOWARDS SELFCONSISTENCY

  ITERATION N0:   1  VIRIAL RATIO = 1.9866231101  POTDIF =    -4.8017083 HARTREE
  ITERATION N0:   2  VIRIAL RATIO = 1.9960370857  POTDIF =    -3.8928530 HARTREE
  ITERATION N0:   3  VIRIAL RATIO = 2.0004439360  POTDIF =    -2.9699421 HARTREE
  ITERATION N0:   4  VIRIAL RATIO = 2.0018515450  POTDIF =    -2.1424470 HARTREE
  ITERATION N0:   5  VIRIAL RATIO = 2.0018643378  POTDIF =    -1.4762070 HARTREE
  ITERATION N0:   6  VIRIAL RATIO = 2.0014353839  POTDIF =    -0.9842238 HARTREE
  ITERATION N0:   7  VIRIAL RATIO = 2.0009848434  POTDIF =    -0.6426204 HARTREE
  ITERATION N0:   8  VIRIAL RATIO = 2.0006379921  POTDIF =    -0.4145534 HARTREE
  ITERATION N0:   9  VIRIAL RATIO = 2.0004013662  POTDIF =    -0.2657379 HARTREE
  ITERATION N0:  10  VIRIAL RATIO = 2.0002489301  POTDIF =    -0.1698722 HARTREE
  ITERATION N0:  11  VIRIAL RATIO = 2.0001534721  POTDIF =    -0.1084799 HARTREE
  ITERATION N0:  12  VIRIAL RATIO = 2.0000944892  POTDIF =    -0.0692814 HARTREE
  ITERATION N0:  13  VIRIAL RATIO = 2.0000582358  POTDIF =    -0.0442713 HARTREE
  ITERATION N0:  14  VIRIAL RATIO = 2.0000359712  POTDIF =    -0.0283146 HARTREE
  ITERATION N0:  15  VIRIAL RATIO = 2.0000222758  POTDIF =    -0.0181254 HARTREE
  ITERATION N0:  16  VIRIAL RATIO = 2.0000138274  POTDIF =    -0.0116142 HARTREE
  ITERATION N0:  17  VIRIAL RATIO = 2.0000085980  POTDIF =    -0.0074469 HARTREE
  ITERATION N0:  18  VIRIAL RATIO = 2.0000053495  POTDIF =    -0.0047734 HARTREE
  ITERATION N0:  19  VIRIAL RATIO = 2.0000033243  POTDIF =    -0.0030674 HARTREE
  ITERATION N0:  20  VIRIAL RATIO = 2.0000020575  POTDIF =    -0.0019716 HARTREE
  ITERATION N0:  21  VIRIAL RATIO = 2.0000012626  POTDIF =    -0.0012652 HARTREE
  ITERATION N0:  22  VIRIAL RATIO = 2.0000007624  POTDIF =    -0.0008140 HARTREE
  ITERATION N0:  23  VIRIAL RATIO = 2.0000004469  POTDIF =    -0.0005250 HARTREE
  ITERATION N0:  24  VIRIAL RATIO = 2.0000002473  POTDIF =    -0.0003380 HARTREE
  ITERATION N0:  25  VIRIAL RATIO = 2.0000001209  POTDIF =    -0.0002125 HARTREE
  ITERATION N0:  26  VIRIAL RATIO = 2.0000000406  POTDIF =    -0.0001406 HARTREE
  ITERATION N0:  27  VIRIAL RATIO = 1.9999999895  POTDIF =    -0.0000908 HARTREE
  ITERATION N0:  28  VIRIAL RATIO = 1.9999999570  POTDIF =    -0.0000585 HARTREE
  ITERATION N0:  29  VIRIAL RATIO = 1.9999999363  POTDIF =    -0.0000367 HARTREE
  ITERATION N0:  30  VIRIAL RATIO = 1.9999999231  POTDIF =    -0.0000233 HARTREE
  ITERATION N0:  31  VIRIAL RATIO = 1.9999999146  POTDIF =    -0.0000138 HARTREE
  ITERATION N0:  32  VIRIAL RATIO = 1.9999999092  POTDIF =    -0.0000128 HARTREE
  ITERATION N0:  33  VIRIAL RATIO = 1.9999999058  POTDIF =    -0.0000085 HARTREE
  ITERATION N0:  34  VIRIAL RATIO = 1.9999999036  POTDIF =    -0.0000036 HARTREE
  ITERATION N0:  35  VIRIAL RATIO = 1.9999999022  POTDIF =    -0.0000049 HARTREE
  ITERATION N0:  36  VIRIAL RATIO = 1.9999999015  POTDIF =    -0.0000034 HARTREE
  ITERATION N0:  37  VIRIAL RATIO = 1.9999999009  POTDIF =    -0.0000013 HARTREE
  ITERATION N0:  38  VIRIAL RATIO = 1.9999999005  POTDIF =    -0.0000016 HARTREE
  ITERATION N0:  39  VIRIAL RATIO = 1.9999999003  POTDIF =    -0.0000007 HARTREE

CONVERGENCE AFTER  39 ITERATIONS

  ENERGY DIFFERENCE BETWEEN LAST 2 ITERATIONS    = 0.909E-12 < 0.1E-06 HARTREE
  POTENTIAL DIFFERENCE BETWEEN LAST 2 ITERATIONS = 0.724E-06 < 0.1E-05 HARTREE

--------------------------------------------------------------------------------

INFORMATION ON ACCURACY OF SOLUTION

  NONRELATIVISTIC LEVY-PERDEW X-ONLY VIRIAL RELATION:

  ABSOLUTE ERROR =     -0.0000529 HARTREE
  RELATIVE ERROR =   0.1752E-05

  CONVENTIONAL NONRELATIVISTIC VIRIAL RELATION:

  ABSOLUTE ERROR =     -0.0000525 HARTREE
  RELATIVE ERROR =   0.9971E-07

  KRIEGER-LI-IAFRATE IDENTITY FOR HIGHEST OCCUPIED ORBITAL:  N=3 L=1 J=0.5

                         LONGITUDINAL EXCHANGE     TOTAL EXCHANGE

  RHF-EXPECTATION VALUE =     -0.590751               -0.590751   HARTREE
  ABSOLUTE ERROR        =      0.000347                0.000347   HARTREE
  RELATIVE ERROR        =     -0.000587               -0.000587

  ORTHONORMALITY INTEGRALS:

   1S1/2 :  NORM UP TO OUTERMOST MESH POINT = 1.000000000000
            OVERLAP WITH  2S1/2              = -0.1700E-14
            OVERLAP WITH  3S1/2              = -0.1952E-14
   2S1/2 :  NORM UP TO OUTERMOST MESH POINT = 1.000000000000
            OVERLAP WITH  3S1/2              =  0.3237E-13
   2P1/2 :  NORM UP TO OUTERMOST MESH POINT = 1.000000000000
            OVERLAP WITH  3P1/2              =  0.3813E-14
   2P3/2 :  NORM UP TO OUTERMOST MESH POINT = 1.000000000000
            OVERLAP WITH  3P3/2              =  0.3410E-14
   3S1/2 :  NORM UP TO OUTERMOST MESH POINT = 1.000000000000
   3P1/2 :  NORM UP TO OUTERMOST MESH POINT = 1.000000000000
   3P3/2 :  NORM UP TO OUTERMOST MESH POINT = 1.000000000000
   3D3/2 :  NORM UP TO OUTERMOST MESH POINT = 1.000000000000
   3D5/2 :  NORM UP TO OUTERMOST MESH POINT = 1.000000000000


--------------------------------------------------------------------------------

INFORMATION ON ORBITALS

  EIGENVALUES:

  ORBITAL     N   L   J     OCCUPATION          EIGENVALUE

   1S1/2      1   0  0.5      2.0000       -114.45184174 HARTREE
   2S1/2      2   0  0.5      2.0000        -11.15290364 HARTREE
   2P1/2      2   1  0.5      2.0000         -8.73343702 HARTREE
   2P3/2      2   1  1.5      4.0000         -8.73343702 HARTREE
   3S1/2      3   0  0.5      2.0000         -1.09889939 HARTREE
   3P1/2      3   1  0.5      2.0000         -0.59040454 HARTREE
   3P3/2      3   1  1.5      4.0000         -0.59040454 HARTREE
   3D3/2      3   2  1.5      0.0000         -0.06802040 HARTREE
   3D5/2      3   2  2.5      0.0000         -0.06802040 HARTREE

  VARIOUS R-EXPECTATION VALUES (IN POWERS OF BOHR):

   ORBITAL     N   L   J     OCCUPATION     <1/R>       <R>           <R**2>

    1S1/2      1   0  0.5      2.0000      17.5523    0.0861393     0.0099693278
    2S1/2      2   0  0.5      2.0000       3.5379    0.4142047     0.2033246589
    2P1/2      2   1  0.5      2.0000       3.4474    0.3761106     0.1754150114
    2P3/2      2   1  1.5      4.0000       3.4474    0.3761106     0.1754150114
    3S1/2      3   0  0.5      2.0000       0.9717    1.4180400     2.3367412972
    3P1/2      3   1  0.5      2.0000       0.8195    1.6629245     3.3136408763
    3P3/2      3   1  1.5      4.0000       0.8195    1.6629245     3.3136408763
    3D3/2      3   2  1.5      0.0000       0.1861    7.3240785    66.1547146412
    3D5/2      3   2  2.5      0.0000       0.1861    7.3240785    66.1547146412
   TOTAL DENSITY                            3.8736    0.8928321     1.4463558830

  DENSITY AT THE ORIGIN = 0.3839755482E+04 BOHR**(-3)

--------------------------------------------------------------------------------

INFORMATION ON ENERGY COMPONENTS

  TOTAL GROUND STATE ENERGY           =       -526.812217 HARTREE
  KINETIC ENERGY                      =        526.812270 HARTREE
  EXTERNAL POTENTIAL ENERGY           =      -1255.056986 HARTREE
  HARTREE ENERGY                      =        231.607180 HARTREE
  EXCHANGE ENERGY                     =        -30.174680 HARTREE
  CORRELATION ENERGY                  =          0.000000 HARTREE
  EXCHANGE-CORRELATION ENERGY         =        -30.174680 HARTREE

--------------------------------------------------------------------------------

INFORMATION ON FILE HANDLING

  POTENTIALS WRITTEN OUT TO FILE: /home/trushin/MCEXX/relks_fncpp_new/potar                             

GENERATED ON  20/ 4/2023  AT  16: 3: 5:641

--------------------------------------------------------------------------------
