
RELATIVISTIC ELECTRONIC STRUCTURE CALCULATION FOR

  GROUND STATE OF BORON ATOM              

  NUCLEAR CHARGE    =   5.0

  ELECTRONIC CHARGE =   5.0

--------------------------------------------------------------------------------

INFORMATION ON ELECTRONIC CONFIGURATION 

  ORBITAL     N   L   J     OCCUPATION

   1S1/2      1   0  0.5      2.0000
   2S1/2      2   0  0.5      2.0000
   2P1/2      2   1  0.5      1.0000
   2P3/2      2   1  1.5      0.0000

--------------------------------------------------------------------------------

INFORMATION ON METHOD

  EXCHANGE ENERGY FUNCTIONAL   : F/OPM                                   
                                 --> NORMALIZATION OF EXCHANGE POTENTIAL VIA 
                                     VXASY = - 1/R                           
  CORRELATION ENERGY FUNCTIONAL: NO CORRELATION FUNCTIONAL INCLUDED      

  FORM OF STARTING POTENTIAL   : INTERNAL STARTING POTENTIAL USED        
  MAXIMUM NUMBER OF ITERATIONS : 100

  LATTER CORRECTION CHARGE     : 0.0000
  SPEED OF LIGHT               : 0.1370359895E+09

  FORM OF NUCLEUS              : POINT NUCLEUS                           
  LARGE-R BOUNDARY CONDITIONS  : FREE ATOM                               

--------------------------------------------------------------------------------

INFORMATION ON RADIAL MESH

  NUMBER OF MESH POINTS   = 1600

  MESH PARAMETER H        =  0.0108413202885

  MINIMUM R-VALUE OF MESH =   0.0000029606523 BOHR

  MAXIMUM R-VALUE OF MESH = 100.0000000000000 BOHR

--------------------------------------------------------------------------------

ITERATION TOWARDS SELFCONSISTENCY

  ITERATION N0:   1  VIRIAL RATIO = 1.9608488626  POTDIF =     0.9064734 HARTREE
  ITERATION N0:   2  VIRIAL RATIO = 1.9797382631  POTDIF =     0.5752024 HARTREE
  ITERATION N0:   3  VIRIAL RATIO = 1.9906418189  POTDIF =     0.3549130 HARTREE
  ITERATION N0:   4  VIRIAL RATIO = 1.9962862841  POTDIF =    -0.2262964 HARTREE
  ITERATION N0:   5  VIRIAL RATIO = 1.9989150629  POTDIF =    -0.1716492 HARTREE
  ITERATION N0:   6  VIRIAL RATIO = 1.9999923660  POTDIF =    -0.1236435 HARTREE
  ITERATION N0:   7  VIRIAL RATIO = 2.0003446679  POTDIF =    -0.0859050 HARTREE
  ITERATION N0:   8  VIRIAL RATIO = 2.0003931256  POTDIF =    -0.0581911 HARTREE
  ITERATION N0:   9  VIRIAL RATIO = 2.0003347015  POTDIF =    -0.0387119 HARTREE
  ITERATION N0:  10  VIRIAL RATIO = 2.0002533187  POTDIF =    -0.0254278 HARTREE
  ITERATION N0:  11  VIRIAL RATIO = 2.0001800524  POTDIF =    -0.0165488 HARTREE
  ITERATION N0:  12  VIRIAL RATIO = 2.0001231656  POTDIF =    -0.0106989 HARTREE
  ITERATION N0:  13  VIRIAL RATIO = 2.0000821448  POTDIF =    -0.0068801 HARTREE
  ITERATION N0:  14  VIRIAL RATIO = 2.0000538231  POTDIF =    -0.0044114 HARTREE
  ITERATION N0:  15  VIRIAL RATIO = 2.0000348077  POTDIF =    -0.0028211 HARTREE
  ITERATION N0:  16  VIRIAL RATIO = 2.0000222803  POTDIF =    -0.0018010 HARTREE
  ITERATION N0:  17  VIRIAL RATIO = 2.0000141367  POTDIF =    -0.0011481 HARTREE
  ITERATION N0:  18  VIRIAL RATIO = 2.0000088933  POTDIF =    -0.0007316 HARTREE
  ITERATION N0:  19  VIRIAL RATIO = 2.0000055410  POTDIF =    -0.0004659 HARTREE
  ITERATION N0:  20  VIRIAL RATIO = 2.0000034086  POTDIF =    -0.0002966 HARTREE
  ITERATION N0:  21  VIRIAL RATIO = 2.0000020574  POTDIF =    -0.0001890 HARTREE
  ITERATION N0:  22  VIRIAL RATIO = 2.0000012036  POTDIF =    -0.0001203 HARTREE
  ITERATION N0:  23  VIRIAL RATIO = 2.0000006652  POTDIF =    -0.0000763 HARTREE
  ITERATION N0:  24  VIRIAL RATIO = 2.0000003261  POTDIF =    -0.0000490 HARTREE
  ITERATION N0:  25  VIRIAL RATIO = 2.0000001128  POTDIF =    -0.0000307 HARTREE
  ITERATION N0:  26  VIRIAL RATIO = 1.9999999786  POTDIF =    -0.0000196 HARTREE
  ITERATION N0:  27  VIRIAL RATIO = 1.9999998943  POTDIF =    -0.0000127 HARTREE
  ITERATION N0:  28  VIRIAL RATIO = 1.9999998413  POTDIF =    -0.0000082 HARTREE
  ITERATION N0:  29  VIRIAL RATIO = 1.9999998080  POTDIF =    -0.0000051 HARTREE
  ITERATION N0:  30  VIRIAL RATIO = 1.9999997871  POTDIF =    -0.0000033 HARTREE
  ITERATION N0:  31  VIRIAL RATIO = 1.9999997739  POTDIF =    -0.0000021 HARTREE
  ITERATION N0:  32  VIRIAL RATIO = 1.9999997656  POTDIF =    -0.0000015 HARTREE
  ITERATION N0:  33  VIRIAL RATIO = 1.9999997604  POTDIF =    -0.0000008 HARTREE

CONVERGENCE AFTER  33 ITERATIONS

  ENERGY DIFFERENCE BETWEEN LAST 2 ITERATIONS    = 0.174E-12 < 0.1E-06 HARTREE
  POTENTIAL DIFFERENCE BETWEEN LAST 2 ITERATIONS = 0.806E-06 < 0.1E-05 HARTREE

--------------------------------------------------------------------------------

INFORMATION ON ACCURACY OF SOLUTION

  NONRELATIVISTIC LEVY-PERDEW X-ONLY VIRIAL RELATION:

  ABSOLUTE ERROR =     -0.0000061 HARTREE
  RELATIVE ERROR =   0.1629E-05

  CONVENTIONAL NONRELATIVISTIC VIRIAL RELATION:

  ABSOLUTE ERROR =     -0.0000059 HARTREE
  RELATIVE ERROR =   0.2396E-06

  KRIEGER-LI-IAFRATE IDENTITY FOR HIGHEST OCCUPIED ORBITAL:  N=2 L=1 J=0.5

                         LONGITUDINAL EXCHANGE     TOTAL EXCHANGE

  RHF-EXPECTATION VALUE =     -0.305875               -0.305875   HARTREE
  ABSOLUTE ERROR        =     -0.000030               -0.000030   HARTREE
  RELATIVE ERROR        =      0.000098                0.000098

  ORTHONORMALITY INTEGRALS:

   1S1/2 :  NORM UP TO OUTERMOST MESH POINT = 1.000000000000
            OVERLAP WITH  2S1/2              = -0.3209E-16
   2S1/2 :  NORM UP TO OUTERMOST MESH POINT = 1.000000000000
   2P1/2 :  NORM UP TO OUTERMOST MESH POINT = 1.000000000000
   2P3/2 :  NORM UP TO OUTERMOST MESH POINT = 1.000000000000


--------------------------------------------------------------------------------

INFORMATION ON ORBITALS

  EIGENVALUES:

  ORBITAL     N   L   J     OCCUPATION          EIGENVALUE

   1S1/2      1   0  0.5      2.0000         -6.90744671 HARTREE
   2S1/2      2   0  0.5      2.0000         -0.52474087 HARTREE
   2P1/2      2   1  0.5      1.0000         -0.30590507 HARTREE
   2P3/2      2   1  1.5      0.0000         -0.30590507 HARTREE

  VARIOUS R-EXPECTATION VALUES (IN POWERS OF BOHR):

   ORBITAL     N   L   J     OCCUPATION     <1/R>       <R>           <R**2>

    1S1/2      1   0  0.5      2.0000       4.6645    0.3272929     0.1451640357
    2S1/2      2   0  0.5      2.0000       0.7265    1.9546914     4.5858769406
    2P1/2      2   1  0.5      1.0000       0.5970    2.2503093     6.4094862819
    2P3/2      2   1  1.5      0.0000       0.5970    2.2503093     6.4094862819
   TOTAL DENSITY                            2.2758    1.3628556     3.1743136469

  DENSITY AT THE ORIGIN = 0.7192895986E+02 BOHR**(-3)

--------------------------------------------------------------------------------

INFORMATION ON ENERGY COMPONENTS

  TOTAL GROUND STATE ENERGY           =        -24.527748 HARTREE
  KINETIC ENERGY                      =         24.527754 HARTREE
  EXTERNAL POTENTIAL ENERGY           =        -56.894648 HARTREE
  HARTREE ENERGY                      =         11.580087 HARTREE
  EXCHANGE ENERGY                     =         -3.740940 HARTREE
  CORRELATION ENERGY                  =          0.000000 HARTREE
  EXCHANGE-CORRELATION ENERGY         =         -3.740940 HARTREE

--------------------------------------------------------------------------------

INFORMATION ON FILE HANDLING

  POTENTIALS WRITTEN OUT TO FILE: /home/trushin/MCEXX/relks_fncpp_new/potb                              

GENERATED ON   4/ 5/2023  AT  17: 7:22:327

--------------------------------------------------------------------------------
