
RELATIVISTIC ELECTRONIC STRUCTURE CALCULATION FOR

  GROUND STATE OF BERYLLIUM ATOM          

  NUCLEAR CHARGE    =   4.0

  ELECTRONIC CHARGE =   4.0

--------------------------------------------------------------------------------

INFORMATION ON ELECTRONIC CONFIGURATION 

  ORBITAL     N   L   J     OCCUPATION

   1S1/2      1   0  0.5      2.0000
   2S1/2      2   0  0.5      2.0000
   2P1/2      2   1  0.5      0.0000
   2P3/2      2   1  1.5      0.0000

--------------------------------------------------------------------------------

INFORMATION ON METHOD

  EXCHANGE ENERGY FUNCTIONAL   : F/OPM                                   
                                 --> NORMALIZATION OF EXCHANGE POTENTIAL VIA 
                                     VXASY = - 1/R                           
  CORRELATION ENERGY FUNCTIONAL: NO CORRELATION FUNCTIONAL INCLUDED      

  FORM OF STARTING POTENTIAL   : INTERNAL STARTING POTENTIAL USED        
  MAXIMUM NUMBER OF ITERATIONS : 100

  LATTER CORRECTION CHARGE     : 0.0000
  SPEED OF LIGHT               : 0.1370359895E+09

  FORM OF NUCLEUS              : POINT NUCLEUS                           
  LARGE-R BOUNDARY CONDITIONS  : FREE ATOM                               

--------------------------------------------------------------------------------

INFORMATION ON RADIAL MESH

  NUMBER OF MESH POINTS   = 1600

  MESH PARAMETER H        =  0.0108678983760

  MINIMUM R-VALUE OF MESH =   0.0000028374655 BOHR

  MAXIMUM R-VALUE OF MESH = 100.0000000000002 BOHR

--------------------------------------------------------------------------------

ITERATION TOWARDS SELFCONSISTENCY

  ITERATION N0:   1  VIRIAL RATIO = 1.9544202628  POTDIF =     0.8000332 HARTREE
  ITERATION N0:   2  VIRIAL RATIO = 1.9736137383  POTDIF =     0.5073647 HARTREE
  ITERATION N0:   3  VIRIAL RATIO = 1.9855074541  POTDIF =     0.3139468 HARTREE
  ITERATION N0:   4  VIRIAL RATIO = 1.9923900028  POTDIF =     0.1928442 HARTREE
  ITERATION N0:   5  VIRIAL RATIO = 1.9961629933  POTDIF =     0.1187721 HARTREE
  ITERATION N0:   6  VIRIAL RATIO = 1.9981440164  POTDIF =     0.0735728 HARTREE
  ITERATION N0:   7  VIRIAL RATIO = 1.9991462302  POTDIF =    -0.0537157 HARTREE
  ITERATION N0:   8  VIRIAL RATIO = 1.9996349235  POTDIF =    -0.0383336 HARTREE
  ITERATION N0:   9  VIRIAL RATIO = 1.9998630918  POTDIF =    -0.0266799 HARTREE
  ITERATION N0:  10  VIRIAL RATIO = 1.9999633230  POTDIF =    -0.0182345 HARTREE
  ITERATION N0:  11  VIRIAL RATIO = 2.0000030504  POTDIF =    -0.0122959 HARTREE
  ITERATION N0:  12  VIRIAL RATIO = 2.0000155978  POTDIF =    -0.0082075 HARTREE
  ITERATION N0:  13  VIRIAL RATIO = 2.0000169004  POTDIF =    -0.0054363 HARTREE
  ITERATION N0:  14  VIRIAL RATIO = 2.0000142518  POTDIF =    -0.0035793 HARTREE
  ITERATION N0:  15  VIRIAL RATIO = 2.0000107726  POTDIF =    -0.0023456 HARTREE
  ITERATION N0:  16  VIRIAL RATIO = 2.0000076430  POTDIF =    -0.0015315 HARTREE
  ITERATION N0:  17  VIRIAL RATIO = 2.0000051901  POTDIF =    -0.0009970 HARTREE
  ITERATION N0:  18  VIRIAL RATIO = 2.0000034006  POTDIF =    -0.0006477 HARTREE
  ITERATION N0:  19  VIRIAL RATIO = 2.0000021511  POTDIF =    -0.0004200 HARTREE
  ITERATION N0:  20  VIRIAL RATIO = 2.0000013040  POTDIF =    -0.0002721 HARTREE
  ITERATION N0:  21  VIRIAL RATIO = 2.0000007417  POTDIF =    -0.0001759 HARTREE
  ITERATION N0:  22  VIRIAL RATIO = 2.0000003743  POTDIF =    -0.0001138 HARTREE
  ITERATION N0:  23  VIRIAL RATIO = 2.0000001371  POTDIF =    -0.0000735 HARTREE
  ITERATION N0:  24  VIRIAL RATIO = 1.9999999855  POTDIF =    -0.0000474 HARTREE
  ITERATION N0:  25  VIRIAL RATIO = 1.9999998894  POTDIF =    -0.0000307 HARTREE
  ITERATION N0:  26  VIRIAL RATIO = 1.9999998288  POTDIF =    -0.0000199 HARTREE
  ITERATION N0:  27  VIRIAL RATIO = 1.9999997908  POTDIF =    -0.0000129 HARTREE
  ITERATION N0:  28  VIRIAL RATIO = 1.9999997671  POTDIF =    -0.0000084 HARTREE
  ITERATION N0:  29  VIRIAL RATIO = 1.9999997524  POTDIF =    -0.0000053 HARTREE
  ITERATION N0:  30  VIRIAL RATIO = 1.9999997432  POTDIF =    -0.0000034 HARTREE
  ITERATION N0:  31  VIRIAL RATIO = 1.9999997376  POTDIF =    -0.0000022 HARTREE
  ITERATION N0:  32  VIRIAL RATIO = 1.9999997341  POTDIF =    -0.0000014 HARTREE
  ITERATION N0:  33  VIRIAL RATIO = 1.9999997320  POTDIF =    -0.0000010 HARTREE

CONVERGENCE AFTER  33 ITERATIONS

  ENERGY DIFFERENCE BETWEEN LAST 2 ITERATIONS    = 0.142E-13 < 0.1E-06 HARTREE
  POTENTIAL DIFFERENCE BETWEEN LAST 2 ITERATIONS = 0.989E-06 < 0.1E-05 HARTREE

--------------------------------------------------------------------------------

INFORMATION ON ACCURACY OF SOLUTION

  NONRELATIVISTIC LEVY-PERDEW X-ONLY VIRIAL RELATION:

  ABSOLUTE ERROR =     -0.0000040 HARTREE
  RELATIVE ERROR =   0.1483E-05

  CONVENTIONAL NONRELATIVISTIC VIRIAL RELATION:

  ABSOLUTE ERROR =     -0.0000039 HARTREE
  RELATIVE ERROR =   0.2680E-06

  KRIEGER-LI-IAFRATE IDENTITY FOR HIGHEST OCCUPIED ORBITAL:  N=2 L=0 J=0.5

                         LONGITUDINAL EXCHANGE     TOTAL EXCHANGE

  RHF-EXPECTATION VALUE =     -0.309228               -0.309228   HARTREE
  ABSOLUTE ERROR        =      0.000000                0.000000   HARTREE
  RELATIVE ERROR        =      0.000000                0.000000

  ORTHONORMALITY INTEGRALS:

   1S1/2 :  NORM UP TO OUTERMOST MESH POINT = 1.000000000000
            OVERLAP WITH  2S1/2              = -0.1076E-14
   2S1/2 :  NORM UP TO OUTERMOST MESH POINT = 1.000000000000
   2P1/2 :  NORM UP TO OUTERMOST MESH POINT = 1.000000000000
   2P3/2 :  NORM UP TO OUTERMOST MESH POINT = 1.000000000000


--------------------------------------------------------------------------------

INFORMATION ON ORBITALS

  EIGENVALUES:

  ORBITAL     N   L   J     OCCUPATION          EIGENVALUE

   1S1/2      1   0  0.5      2.0000         -4.12571651 HARTREE
   2S1/2      2   0  0.5      2.0000         -0.30922776 HARTREE
   2P1/2      2   1  0.5      0.0000         -0.17801997 HARTREE
   2P3/2      2   1  1.5      0.0000         -0.17801997 HARTREE

  VARIOUS R-EXPECTATION VALUES (IN POWERS OF BOHR):

   ORBITAL     N   L   J     OCCUPATION     <1/R>       <R>           <R**2>

    1S1/2      1   0  0.5      2.0000       3.6750    0.4165908     0.2356504962
    2S1/2      2   0  0.5      2.0000       0.5294    2.6484073     8.4271389137
    2P1/2      2   1  0.5      0.0000       0.4070    3.2965261    13.7026005863
    2P3/2      2   1  1.5      0.0000       0.4070    3.2965261    13.7026005863
   TOTAL DENSITY                            2.1022    1.5324990     4.3313947049

  DENSITY AT THE ORIGIN = 0.3538739306E+02 BOHR**(-3)

--------------------------------------------------------------------------------

INFORMATION ON ENERGY COMPONENTS

  TOTAL GROUND STATE ENERGY           =        -14.572433 HARTREE
  KINETIC ENERGY                      =         14.572436 HARTREE
  EXTERNAL POTENTIAL ENERGY           =        -33.634645 HARTREE
  HARTREE ENERGY                      =          7.155550 HARTREE
  EXCHANGE ENERGY                     =         -2.665773 HARTREE
  CORRELATION ENERGY                  =          0.000000 HARTREE
  EXCHANGE-CORRELATION ENERGY         =         -2.665773 HARTREE

--------------------------------------------------------------------------------

INFORMATION ON FILE HANDLING

  POTENTIALS WRITTEN OUT TO FILE: /home/trushin/MCEXX/relks_fncpp_new/potbe                             

GENERATED ON  20/ 4/2023  AT  16:14:18:707

--------------------------------------------------------------------------------
