
RELATIVISTIC ELECTRONIC STRUCTURE CALCULATION FOR

  GROUND STATE OF CHLORINE ATOM           

  NUCLEAR CHARGE    =  17.0

  ELECTRONIC CHARGE =  17.0

--------------------------------------------------------------------------------

INFORMATION ON ELECTRONIC CONFIGURATION 

  ORBITAL     N   L   J     OCCUPATION

   1S1/2      1   0  0.5      2.0000
   2S1/2      2   0  0.5      2.0000
   2P1/2      2   1  0.5      2.0000
   2P3/2      2   1  1.5      4.0000
   3S1/2      3   0  0.5      2.0000
   3P1/2      3   1  0.5      2.0000
   3P3/2      3   1  1.5      3.0000
   3D3/2      3   2  1.5      0.0000
   3D5/2      3   2  2.5      0.0000

--------------------------------------------------------------------------------

INFORMATION ON METHOD

  EXCHANGE ENERGY FUNCTIONAL   : F/OPM                                   
                                 --> NORMALIZATION OF EXCHANGE POTENTIAL VIA 
                                     VXASY = - 1/R                           
  CORRELATION ENERGY FUNCTIONAL: NO CORRELATION FUNCTIONAL INCLUDED      

  FORM OF STARTING POTENTIAL   : INTERNAL STARTING POTENTIAL USED        
  MAXIMUM NUMBER OF ITERATIONS : 100

  LATTER CORRECTION CHARGE     : 0.0000
  SPEED OF LIGHT               : 0.1370359895E+09

  FORM OF NUCLEUS              : POINT NUCLEUS                           
  LARGE-R BOUNDARY CONDITIONS  : FREE ATOM                               

--------------------------------------------------------------------------------

INFORMATION ON RADIAL MESH

  NUMBER OF MESH POINTS   = 1600

  MESH PARAMETER H        =  0.0106429159248

  MINIMUM R-VALUE OF MESH =   0.0000040659938 BOHR

  MAXIMUM R-VALUE OF MESH = 100.0000000000002 BOHR

--------------------------------------------------------------------------------

ITERATION TOWARDS SELFCONSISTENCY

  ITERATION N0:   1  VIRIAL RATIO = 1.9843377586  POTDIF =    -4.2941389 HARTREE
  ITERATION N0:   2  VIRIAL RATIO = 1.9947322647  POTDIF =    -3.5341804 HARTREE
  ITERATION N0:   3  VIRIAL RATIO = 1.9997014570  POTDIF =    -2.7247320 HARTREE
  ITERATION N0:   4  VIRIAL RATIO = 2.0014384626  POTDIF =    -1.9817100 HARTREE
  ITERATION N0:   5  VIRIAL RATIO = 2.0016471268  POTDIF =    -1.3751204 HARTREE
  ITERATION N0:   6  VIRIAL RATIO = 2.0013295924  POTDIF =    -0.9225252 HARTREE
  ITERATION N0:   7  VIRIAL RATIO = 2.0009376882  POTDIF =    -0.6055347 HARTREE
  ITERATION N0:   8  VIRIAL RATIO = 2.0006193155  POTDIF =    -0.3923291 HARTREE
  ITERATION N0:   9  VIRIAL RATIO = 2.0003954827  POTDIF =    -0.2523888 HARTREE
  ITERATION N0:  10  VIRIAL RATIO = 2.0002482852  POTDIF =    -0.1617771 HARTREE
  ITERATION N0:  11  VIRIAL RATIO = 2.0001546589  POTDIF =    -0.1035358 HARTREE
  ITERATION N0:  12  VIRIAL RATIO = 2.0000960778  POTDIF =    -0.0662409 HARTREE
  ITERATION N0:  13  VIRIAL RATIO = 2.0000596897  POTDIF =    -0.0423835 HARTREE
  ITERATION N0:  14  VIRIAL RATIO = 2.0000371364  POTDIF =    -0.0271385 HARTREE
  ITERATION N0:  15  VIRIAL RATIO = 2.0000231494  POTDIF =    -0.0173917 HARTREE
  ITERATION N0:  16  VIRIAL RATIO = 2.0000144569  POTDIF =    -0.0111483 HARTREE
  ITERATION N0:  17  VIRIAL RATIO = 2.0000090397  POTDIF =    -0.0071501 HARTREE
  ITERATION N0:  18  VIRIAL RATIO = 2.0000056536  POTDIF =    -0.0045921 HARTREE
  ITERATION N0:  19  VIRIAL RATIO = 2.0000035306  POTDIF =    -0.0029486 HARTREE
  ITERATION N0:  20  VIRIAL RATIO = 2.0000021958  POTDIF =    -0.0018903 HARTREE
  ITERATION N0:  21  VIRIAL RATIO = 2.0000013543  POTDIF =    -0.0012154 HARTREE
  ITERATION N0:  22  VIRIAL RATIO = 2.0000008227  POTDIF =    -0.0007813 HARTREE
  ITERATION N0:  23  VIRIAL RATIO = 2.0000004860  POTDIF =    -0.0005042 HARTREE
  ITERATION N0:  24  VIRIAL RATIO = 2.0000002725  POTDIF =    -0.0003233 HARTREE
  ITERATION N0:  25  VIRIAL RATIO = 2.0000001368  POTDIF =    -0.0002082 HARTREE
  ITERATION N0:  26  VIRIAL RATIO = 2.0000000504  POTDIF =    -0.0001352 HARTREE
  ITERATION N0:  27  VIRIAL RATIO = 1.9999999954  POTDIF =    -0.0000880 HARTREE
  ITERATION N0:  28  VIRIAL RATIO = 1.9999999603  POTDIF =    -0.0000526 HARTREE
  ITERATION N0:  29  VIRIAL RATIO = 1.9999999380  POTDIF =    -0.0000366 HARTREE
  ITERATION N0:  30  VIRIAL RATIO = 1.9999999236  POTDIF =    -0.0000241 HARTREE
  ITERATION N0:  31  VIRIAL RATIO = 1.9999999145  POTDIF =    -0.0000145 HARTREE
  ITERATION N0:  32  VIRIAL RATIO = 1.9999999087  POTDIF =    -0.0000105 HARTREE
  ITERATION N0:  33  VIRIAL RATIO = 1.9999999049  POTDIF =    -0.0000059 HARTREE
  ITERATION N0:  34  VIRIAL RATIO = 1.9999999025  POTDIF =    -0.0000041 HARTREE
  ITERATION N0:  35  VIRIAL RATIO = 1.9999999010  POTDIF =    -0.0000040 HARTREE
  ITERATION N0:  36  VIRIAL RATIO = 1.9999999000  POTDIF =    -0.0000022 HARTREE
  ITERATION N0:  37  VIRIAL RATIO = 1.9999998994  POTDIF =    -0.0000021 HARTREE
  ITERATION N0:  38  VIRIAL RATIO = 1.9999998990  POTDIF =     0.0000017 HARTREE
  ITERATION N0:  39  VIRIAL RATIO = 1.9999998988  POTDIF =    -0.0000005 HARTREE

CONVERGENCE AFTER  39 ITERATIONS

  ENERGY DIFFERENCE BETWEEN LAST 2 ITERATIONS    = 0.568E-13 < 0.1E-06 HARTREE
  POTENTIAL DIFFERENCE BETWEEN LAST 2 ITERATIONS = 0.481E-06 < 0.1E-05 HARTREE

--------------------------------------------------------------------------------

INFORMATION ON ACCURACY OF SOLUTION

  NONRELATIVISTIC LEVY-PERDEW X-ONLY VIRIAL RELATION:

  ABSOLUTE ERROR =     -0.0000467 HARTREE
  RELATIVE ERROR =   0.1699E-05

  CONVENTIONAL NONRELATIVISTIC VIRIAL RELATION:

  ABSOLUTE ERROR =     -0.0000465 HARTREE
  RELATIVE ERROR =   0.1012E-06

  KRIEGER-LI-IAFRATE IDENTITY FOR HIGHEST OCCUPIED ORBITAL:  N=3 L=1 J=0.5

                         LONGITUDINAL EXCHANGE     TOTAL EXCHANGE

  RHF-EXPECTATION VALUE =     -0.501084               -0.501084   HARTREE
  ABSOLUTE ERROR        =     -0.004635               -0.004635   HARTREE
  RELATIVE ERROR        =      0.009250                0.009250

  ORTHONORMALITY INTEGRALS:

   1S1/2 :  NORM UP TO OUTERMOST MESH POINT = 1.000000000000
            OVERLAP WITH  2S1/2              = -0.1261E-14
            OVERLAP WITH  3S1/2              = -0.1861E-14
   2S1/2 :  NORM UP TO OUTERMOST MESH POINT = 1.000000000000
            OVERLAP WITH  3S1/2              =  0.1728E-13
   2P1/2 :  NORM UP TO OUTERMOST MESH POINT = 1.000000000000
            OVERLAP WITH  3P1/2              =  0.2210E-14
   2P3/2 :  NORM UP TO OUTERMOST MESH POINT = 1.000000000000
            OVERLAP WITH  3P3/2              =  0.8725E-15
   3S1/2 :  NORM UP TO OUTERMOST MESH POINT = 1.000000000000
   3P1/2 :  NORM UP TO OUTERMOST MESH POINT = 1.000000000000
   3P3/2 :  NORM UP TO OUTERMOST MESH POINT = 1.000000000000
   3D3/2 :  NORM UP TO OUTERMOST MESH POINT = 1.000000000000
   3D5/2 :  NORM UP TO OUTERMOST MESH POINT = 1.000000000000


--------------------------------------------------------------------------------

INFORMATION ON ORBITALS

  EIGENVALUES:

  ORBITAL     N   L   J     OCCUPATION          EIGENVALUE

   1S1/2      1   0  0.5      2.0000       -100.97017322 HARTREE
   2S1/2      2   0  0.5      2.0000         -9.52007682 HARTREE
   2P1/2      2   1  0.5      2.0000         -7.30420603 HARTREE
   2P3/2      2   1  1.5      4.0000         -7.30420603 HARTREE
   3S1/2      3   0  0.5      2.0000         -0.94475260 HARTREE
   3P1/2      3   1  0.5      2.0000         -0.50571950 HARTREE
   3P3/2      3   1  1.5      3.0000         -0.50571950 HARTREE
   3D3/2      3   2  1.5      0.0000         -0.06915483 HARTREE
   3D5/2      3   2  2.5      0.0000         -0.06915483 HARTREE

  VARIOUS R-EXPECTATION VALUES (IN POWERS OF BOHR):

   ORBITAL     N   L   J     OCCUPATION     <1/R>       <R>           <R**2>

    1S1/2      1   0  0.5      2.0000      16.5584    0.0913403     0.0112132471
    2S1/2      2   0  0.5      2.0000       3.2970    0.4439949     0.2338815955
    2P1/2      2   1  0.5      2.0000       3.2013    0.4061433     0.2050488356
    2P3/2      2   1  1.5      4.0000       3.2013    0.4061433     0.2050488356
    3S1/2      3   0  0.5      2.0000       0.8858    1.5488303     2.7872692678
    3P1/2      3   1  0.5      2.0000       0.7366    1.8433047     4.0673999539
    3P3/2      3   1  1.5      3.0000       0.7366    1.8433047     4.0673999539
    3D3/2      3   2  1.5      0.0000       0.1892    7.1534142    63.2284972657
    3D5/2      3   2  2.5      0.0000       0.1892    7.1534142    63.2284972657
   TOTAL DENSITY                            3.7867    0.9306891     1.6254130002

  DENSITY AT THE ORIGIN = 0.3219171079E+04 BOHR**(-3)

--------------------------------------------------------------------------------

INFORMATION ON ENERGY COMPONENTS

  TOTAL GROUND STATE ENERGY           =       -459.477081 HARTREE
  KINETIC ENERGY                      =        459.477128 HARTREE
  EXTERNAL POTENTIAL ENERGY           =      -1094.350584 HARTREE
  HARTREE ENERGY                      =        202.898350 HARTREE
  EXCHANGE ENERGY                     =        -27.501975 HARTREE
  CORRELATION ENERGY                  =          0.000000 HARTREE
  EXCHANGE-CORRELATION ENERGY         =        -27.501975 HARTREE

--------------------------------------------------------------------------------

INFORMATION ON FILE HANDLING

  POTENTIALS WRITTEN OUT TO FILE: /home/trushin/MCEXX/relks_fncpp_new/potcl                             

GENERATED ON   4/ 5/2023  AT  20:38: 2:684

--------------------------------------------------------------------------------
