
RELATIVISTIC ELECTRONIC STRUCTURE CALCULATION FOR

  GROUND STATE OF FLUORINE ATOM           

  NUCLEAR CHARGE    =   9.0

  ELECTRONIC CHARGE =   9.0

--------------------------------------------------------------------------------

INFORMATION ON ELECTRONIC CONFIGURATION 

  ORBITAL     N   L   J     OCCUPATION

   1S1/2      1   0  0.5      2.0000
   2S1/2      2   0  0.5      2.0000
   2P1/2      2   1  0.5      2.0000
   2P3/2      2   1  1.5      3.0000

--------------------------------------------------------------------------------

INFORMATION ON METHOD

  EXCHANGE ENERGY FUNCTIONAL   : F/OPM                                   
                                 --> NORMALIZATION OF EXCHANGE POTENTIAL VIA 
                                     VXASY = - 1/R                           
  CORRELATION ENERGY FUNCTIONAL: NO CORRELATION FUNCTIONAL INCLUDED      

  FORM OF STARTING POTENTIAL   : INTERNAL STARTING POTENTIAL USED        
  MAXIMUM NUMBER OF ITERATIONS : 100

  LATTER CORRECTION CHARGE     : 0.0000
  SPEED OF LIGHT               : 0.1370359895E+09

  FORM OF NUCLEUS              : POINT NUCLEUS                           
  LARGE-R BOUNDARY CONDITIONS  : FREE ATOM                               

--------------------------------------------------------------------------------

INFORMATION ON RADIAL MESH

  NUMBER OF MESH POINTS   = 1600

  MESH PARAMETER H        =  0.0107466707068

  MINIMUM R-VALUE OF MESH =   0.0000034444157 BOHR

  MAXIMUM R-VALUE OF MESH = 100.0000000000000 BOHR

--------------------------------------------------------------------------------

ITERATION TOWARDS SELFCONSISTENCY

  ITERATION N0:   1  VIRIAL RATIO = 1.9598196493  POTDIF =     2.3286097 HARTREE
  ITERATION N0:   2  VIRIAL RATIO = 1.9851262126  POTDIF =    -1.6759888 HARTREE
  ITERATION N0:   3  VIRIAL RATIO = 1.9982231476  POTDIF =    -1.3989890 HARTREE
  ITERATION N0:   4  VIRIAL RATIO = 2.0030526000  POTDIF =    -1.0583258 HARTREE
  ITERATION N0:   5  VIRIAL RATIO = 2.0037603999  POTDIF =    -0.7436187 HARTREE
  ITERATION N0:   6  VIRIAL RATIO = 2.0030524100  POTDIF =    -0.4977589 HARTREE
  ITERATION N0:   7  VIRIAL RATIO = 2.0021457638  POTDIF =    -0.3238287 HARTREE
  ITERATION N0:   8  VIRIAL RATIO = 2.0014153843  POTDIF =    -0.2074393 HARTREE
  ITERATION N0:   9  VIRIAL RATIO = 2.0009060095  POTDIF =    -0.1318331 HARTREE
  ITERATION N0:  10  VIRIAL RATIO = 2.0005716982  POTDIF =    -0.0834665 HARTREE
  ITERATION N0:  11  VIRIAL RATIO = 2.0003583093  POTDIF =    -0.0527659 HARTREE
  ITERATION N0:  12  VIRIAL RATIO = 2.0002238743  POTDIF =    -0.0333367 HARTREE
  ITERATION N0:  13  VIRIAL RATIO = 2.0001396953  POTDIF =    -0.0210634 HARTREE
  ITERATION N0:  14  VIRIAL RATIO = 2.0000871278  POTDIF =    -0.0133137 HARTREE
  ITERATION N0:  15  VIRIAL RATIO = 2.0000543348  POTDIF =    -0.0084188 HARTREE
  ITERATION N0:  16  VIRIAL RATIO = 2.0000338815  POTDIF =    -0.0053288 HARTREE
  ITERATION N0:  17  VIRIAL RATIO = 2.0000211216  POTDIF =    -0.0033735 HARTREE
  ITERATION N0:  18  VIRIAL RATIO = 2.0000131573  POTDIF =    -0.0021372 HARTREE
  ITERATION N0:  19  VIRIAL RATIO = 2.0000081834  POTDIF =    -0.0013554 HARTREE
  ITERATION N0:  20  VIRIAL RATIO = 2.0000050749  POTDIF =    -0.0008597 HARTREE
  ITERATION N0:  21  VIRIAL RATIO = 2.0000031309  POTDIF =    -0.0005458 HARTREE
  ITERATION N0:  22  VIRIAL RATIO = 2.0000019142  POTDIF =    -0.0003471 HARTREE
  ITERATION N0:  23  VIRIAL RATIO = 2.0000011522  POTDIF =    -0.0002197 HARTREE
  ITERATION N0:  24  VIRIAL RATIO = 2.0000006747  POTDIF =    -0.0001402 HARTREE
  ITERATION N0:  25  VIRIAL RATIO = 2.0000003751  POTDIF =    -0.0000893 HARTREE
  ITERATION N0:  26  VIRIAL RATIO = 2.0000001871  POTDIF =    -0.0000564 HARTREE
  ITERATION N0:  27  VIRIAL RATIO = 2.0000000690  POTDIF =    -0.0000360 HARTREE
  ITERATION N0:  28  VIRIAL RATIO = 1.9999999947  POTDIF =    -0.0000231 HARTREE
  ITERATION N0:  29  VIRIAL RATIO = 1.9999999480  POTDIF =    -0.0000155 HARTREE
  ITERATION N0:  30  VIRIAL RATIO = 1.9999999186  POTDIF =    -0.0000092 HARTREE
  ITERATION N0:  31  VIRIAL RATIO = 1.9999999001  POTDIF =    -0.0000059 HARTREE
  ITERATION N0:  32  VIRIAL RATIO = 1.9999998884  POTDIF =    -0.0000039 HARTREE
  ITERATION N0:  33  VIRIAL RATIO = 1.9999998811  POTDIF =    -0.0000024 HARTREE
  ITERATION N0:  34  VIRIAL RATIO = 1.9999998764  POTDIF =    -0.0000015 HARTREE
  ITERATION N0:  35  VIRIAL RATIO = 1.9999998735  POTDIF =    -0.0000012 HARTREE
  ITERATION N0:  36  VIRIAL RATIO = 1.9999998716  POTDIF =    -0.0000013 HARTREE
  ITERATION N0:  37  VIRIAL RATIO = 1.9999998705  POTDIF =    -0.0000004 HARTREE

CONVERGENCE AFTER  37 ITERATIONS

  ENERGY DIFFERENCE BETWEEN LAST 2 ITERATIONS    = 0.426E-13 < 0.1E-06 HARTREE
  POTENTIAL DIFFERENCE BETWEEN LAST 2 ITERATIONS = 0.377E-06 < 0.1E-05 HARTREE

--------------------------------------------------------------------------------

INFORMATION ON ACCURACY OF SOLUTION

  NONRELATIVISTIC LEVY-PERDEW X-ONLY VIRIAL RELATION:

  ABSOLUTE ERROR =     -0.0000131 HARTREE
  RELATIVE ERROR =   0.1307E-05

  CONVENTIONAL NONRELATIVISTIC VIRIAL RELATION:

  ABSOLUTE ERROR =     -0.0000129 HARTREE
  RELATIVE ERROR =   0.1295E-06

  KRIEGER-LI-IAFRATE IDENTITY FOR HIGHEST OCCUPIED ORBITAL:  N=2 L=1 J=1.5

                         LONGITUDINAL EXCHANGE     TOTAL EXCHANGE

  RHF-EXPECTATION VALUE =     -0.735024               -0.735024   HARTREE
  ABSOLUTE ERROR        =      0.005270                0.005270   HARTREE
  RELATIVE ERROR        =     -0.007170               -0.007170

  ORTHONORMALITY INTEGRALS:

   1S1/2 :  NORM UP TO OUTERMOST MESH POINT = 1.000000000000
            OVERLAP WITH  2S1/2              =  0.1109E-14
   2S1/2 :  NORM UP TO OUTERMOST MESH POINT = 1.000000000000
   2P1/2 :  NORM UP TO OUTERMOST MESH POINT = 1.000000000000
   2P3/2 :  NORM UP TO OUTERMOST MESH POINT = 1.000000000000


--------------------------------------------------------------------------------

INFORMATION ON ORBITALS

  EIGENVALUES:

  ORBITAL     N   L   J     OCCUPATION          EIGENVALUE

   1S1/2      1   0  0.5      2.0000        -24.67184053 HARTREE
   2S1/2      2   0  0.5      2.0000         -1.43666238 HARTREE
   2P1/2      2   1  0.5      2.0000         -0.72975389 HARTREE
   2P3/2      2   1  1.5      3.0000         -0.72975389 HARTREE

  VARIOUS R-EXPECTATION VALUES (IN POWERS OF BOHR):

   ORBITAL     N   L   J     OCCUPATION     <1/R>       <R>           <R**2>

    1S1/2      1   0  0.5      2.0000       8.6228    0.1761482     0.0418728180
    2S1/2      2   0  0.5      2.0000       1.4541    1.0001613     1.2133727054
    2P1/2      2   1  0.5      2.0000       1.2730    1.0849722     1.5445753062
    2P3/2      2   1  1.5      3.0000       1.2730    1.0849722     1.5445753062
   TOTAL DENSITY                            2.9465    0.8641644     1.1370408419

  DENSITY AT THE ORIGIN = 0.4483194399E+03 BOHR**(-3)

--------------------------------------------------------------------------------

INFORMATION ON ENERGY COMPONENTS

  TOTAL GROUND STATE ENERGY           =        -99.407743 HARTREE
  KINETIC ENERGY                      =         99.407756 HARTREE
  EXTERNAL POTENTIAL ENERGY           =       -238.667591 HARTREE
  HARTREE ENERGY                      =         49.852395 HARTREE
  EXCHANGE ENERGY                     =        -10.000304 HARTREE
  CORRELATION ENERGY                  =          0.000000 HARTREE
  EXCHANGE-CORRELATION ENERGY         =        -10.000304 HARTREE

--------------------------------------------------------------------------------

INFORMATION ON FILE HANDLING

  POTENTIALS WRITTEN OUT TO FILE: /home/trushin/MCEXX/relks_fncpp_new/potf                              

GENERATED ON   4/ 5/2023  AT  20:40:50:236

--------------------------------------------------------------------------------
