
RELATIVISTIC ELECTRONIC STRUCTURE CALCULATION FOR

  GROUND STATE OF HELIUM ATOM             

  NUCLEAR CHARGE    =   2.0

  ELECTRONIC CHARGE =   2.0

--------------------------------------------------------------------------------

INFORMATION ON ELECTRONIC CONFIGURATION 

  ORBITAL     N   L   J     OCCUPATION

   1S1/2      1   0  0.5      2.0000

--------------------------------------------------------------------------------

INFORMATION ON METHOD

  EXCHANGE ENERGY FUNCTIONAL   : F/OPM                                   
                                 --> NORMALIZATION OF EXCHANGE POTENTIAL VIA 
                                     VXASY = - 1/R                           
  CORRELATION ENERGY FUNCTIONAL: NO CORRELATION FUNCTIONAL INCLUDED      

  FORM OF STARTING POTENTIAL   : INTERNAL STARTING POTENTIAL USED        
  MAXIMUM NUMBER OF ITERATIONS : 100

  LATTER CORRECTION CHARGE     : 0.0000
  SPEED OF LIGHT               : 0.1370359895E+09

  FORM OF NUCLEUS              : POINT NUCLEUS                           
  LARGE-R BOUNDARY CONDITIONS  : FREE ATOM                               

--------------------------------------------------------------------------------

INFORMATION ON RADIAL MESH

  NUMBER OF MESH POINTS   = 1600

  MESH PARAMETER H        =  0.0109915375649

  MINIMUM R-VALUE OF MESH =   0.0000023284718 BOHR

  MAXIMUM R-VALUE OF MESH = 100.0000000000000 BOHR

--------------------------------------------------------------------------------

ITERATION TOWARDS SELFCONSISTENCY

  ITERATION N0:   1  VIRIAL RATIO = 1.9317391155  POTDIF =     0.3450648 HARTREE
  ITERATION N0:   2  VIRIAL RATIO = 1.9562982180  POTDIF =     0.2274806 HARTREE
  ITERATION N0:   3  VIRIAL RATIO = 1.9735082811  POTDIF =     0.1459309 HARTREE
  ITERATION N0:   4  VIRIAL RATIO = 1.9846511352  POTDIF =    -0.0985475 HARTREE
  ITERATION N0:   5  VIRIAL RATIO = 1.9914197514  POTDIF =    -0.0715782 HARTREE
  ITERATION N0:   6  VIRIAL RATIO = 1.9953371683  POTDIF =    -0.0507287 HARTREE
  ITERATION N0:   7  VIRIAL RATIO = 1.9975249730  POTDIF =    -0.0352637 HARTREE
  ITERATION N0:   8  VIRIAL RATIO = 1.9987145421  POTDIF =    -0.0241482 HARTREE
  ITERATION N0:   9  VIRIAL RATIO = 1.9993475610  POTDIF =    -0.0163457 HARTREE
  ITERATION N0:  10  VIRIAL RATIO = 1.9996779259  POTDIF =    -0.0109651 HARTREE
  ITERATION N0:  11  VIRIAL RATIO = 1.9998468945  POTDIF =    -0.0073041 HARTREE
  ITERATION N0:  12  VIRIAL RATIO = 1.9999312780  POTDIF =    -0.0048385 HARTREE
  ITERATION N0:  13  VIRIAL RATIO = 1.9999721123  POTDIF =    -0.0031910 HARTREE
  ITERATION N0:  14  VIRIAL RATIO = 1.9999909832  POTDIF =    -0.0020970 HARTREE
  ITERATION N0:  15  VIRIAL RATIO = 1.9999990684  POTDIF =    -0.0013742 HARTREE
  ITERATION N0:  16  VIRIAL RATIO = 2.0000020532  POTDIF =    -0.0008984 HARTREE
  ITERATION N0:  17  VIRIAL RATIO = 2.0000027637  POTDIF =    -0.0005862 HARTREE
  ITERATION N0:  18  VIRIAL RATIO = 2.0000025616  POTDIF =    -0.0003819 HARTREE
  ITERATION N0:  19  VIRIAL RATIO = 2.0000020730  POTDIF =    -0.0002485 HARTREE
  ITERATION N0:  20  VIRIAL RATIO = 2.0000015637  POTDIF =    -0.0001615 HARTREE
  ITERATION N0:  21  VIRIAL RATIO = 2.0000011303  POTDIF =    -0.0001049 HARTREE
  ITERATION N0:  22  VIRIAL RATIO = 2.0000007941  POTDIF =    -0.0000680 HARTREE
  ITERATION N0:  23  VIRIAL RATIO = 2.0000005469  POTDIF =    -0.0000441 HARTREE
  ITERATION N0:  24  VIRIAL RATIO = 2.0000003711  POTDIF =    -0.0000286 HARTREE
  ITERATION N0:  25  VIRIAL RATIO = 2.0000002490  POTDIF =    -0.0000185 HARTREE
  ITERATION N0:  26  VIRIAL RATIO = 2.0000001657  POTDIF =    -0.0000120 HARTREE
  ITERATION N0:  27  VIRIAL RATIO = 2.0000001095  POTDIF =    -0.0000078 HARTREE
  ITERATION N0:  28  VIRIAL RATIO = 2.0000000719  POTDIF =    -0.0000050 HARTREE
  ITERATION N0:  29  VIRIAL RATIO = 2.0000000471  POTDIF =    -0.0000033 HARTREE
  ITERATION N0:  30  VIRIAL RATIO = 2.0000000307  POTDIF =    -0.0000021 HARTREE
  ITERATION N0:  31  VIRIAL RATIO = 2.0000000199  POTDIF =    -0.0000014 HARTREE
  ITERATION N0:  32  VIRIAL RATIO = 2.0000000129  POTDIF =    -0.0000009 HARTREE

CONVERGENCE AFTER  32 ITERATIONS

  ENERGY DIFFERENCE BETWEEN LAST 2 ITERATIONS    = 0.311E-13 < 0.1E-06 HARTREE
  POTENTIAL DIFFERENCE BETWEEN LAST 2 ITERATIONS = 0.882E-06 < 0.1E-05 HARTREE

--------------------------------------------------------------------------------

INFORMATION ON ACCURACY OF SOLUTION

  NONRELATIVISTIC LEVY-PERDEW X-ONLY VIRIAL RELATION:

  ABSOLUTE ERROR =      0.0000000 HARTREE
  RELATIVE ERROR =  -0.5134E-11

  CONVENTIONAL NONRELATIVISTIC VIRIAL RELATION:

  ABSOLUTE ERROR =      0.0000000 HARTREE
  RELATIVE ERROR =  -0.1292E-07

  KRIEGER-LI-IAFRATE IDENTITY FOR HIGHEST OCCUPIED ORBITAL:  N=1 L=0 J=0.5

                         LONGITUDINAL EXCHANGE     TOTAL EXCHANGE

  RHF-EXPECTATION VALUE =     -0.917956               -0.917956   HARTREE
  ABSOLUTE ERROR        =      0.000000                0.000000   HARTREE
  RELATIVE ERROR        =      0.000000                0.000000

  ORTHONORMALITY INTEGRALS:

   1S1/2 :  NORM UP TO OUTERMOST MESH POINT = 1.000000000000


--------------------------------------------------------------------------------

INFORMATION ON ORBITALS

  EIGENVALUES:

  ORBITAL     N   L   J     OCCUPATION          EIGENVALUE

   1S1/2      1   0  0.5      2.0000         -0.91795577 HARTREE

  VARIOUS R-EXPECTATION VALUES (IN POWERS OF BOHR):

   ORBITAL     N   L   J     OCCUPATION     <1/R>       <R>           <R**2>

    1S1/2      1   0  0.5      2.0000       1.6873    0.9272734     1.1848284238
   TOTAL DENSITY                            1.6873    0.9272734     1.1848284238

  DENSITY AT THE ORIGIN = 0.3595918489E+01 BOHR**(-3)

--------------------------------------------------------------------------------

INFORMATION ON ENERGY COMPONENTS

  TOTAL GROUND STATE ENERGY           =         -2.861680 HARTREE
  KINETIC ENERGY                      =          2.861680 HARTREE
  EXTERNAL POTENTIAL ENERGY           =         -6.749129 HARTREE
  HARTREE ENERGY                      =          2.051538 HARTREE
  EXCHANGE ENERGY                     =         -1.025769 HARTREE
  CORRELATION ENERGY                  =          0.000000 HARTREE
  EXCHANGE-CORRELATION ENERGY         =         -1.025769 HARTREE

--------------------------------------------------------------------------------

INFORMATION ON FILE HANDLING

  POTENTIALS WRITTEN OUT TO FILE: /home/trushin/MCEXX/relks_fncpp_new/pothe                             

GENERATED ON  20/ 4/2023  AT  16:15:21:334

--------------------------------------------------------------------------------
