
RELATIVISTIC ELECTRONIC STRUCTURE CALCULATION FOR

  GROUND STATE OF LITHIUM ATOM            

  NUCLEAR CHARGE    =   3.0

  ELECTRONIC CHARGE =   3.0

--------------------------------------------------------------------------------

INFORMATION ON ELECTRONIC CONFIGURATION 

  ORBITAL     N   L   J     OCCUPATION

   1S1/2      1   0  0.5      2.0000
   2S1/2      2   0  0.5      1.0000
   2P1/2      2   1  0.5      0.0000
   2P3/2      2   1  1.5      0.0000

--------------------------------------------------------------------------------

INFORMATION ON METHOD

  EXCHANGE ENERGY FUNCTIONAL   : F/OPM                                   
                                 --> NORMALIZATION OF EXCHANGE POTENTIAL VIA 
                                     VXASY = - 1/R                           
  CORRELATION ENERGY FUNCTIONAL: NO CORRELATION FUNCTIONAL INCLUDED      

  FORM OF STARTING POTENTIAL   : INTERNAL STARTING POTENTIAL USED        
  MAXIMUM NUMBER OF ITERATIONS : 100

  LATTER CORRECTION CHARGE     : 0.0000
  SPEED OF LIGHT               : 0.1370359895E+09

  FORM OF NUCLEUS              : POINT NUCLEUS                           
  LARGE-R BOUNDARY CONDITIONS  : FREE ATOM                               

--------------------------------------------------------------------------------

INFORMATION ON RADIAL MESH

  NUMBER OF MESH POINTS   = 1600

  MESH PARAMETER H        =  0.0109086387419

  MINIMUM R-VALUE OF MESH =   0.0000026585142 BOHR

  MAXIMUM R-VALUE OF MESH = 100.0000000000002 BOHR

--------------------------------------------------------------------------------

ITERATION TOWARDS SELFCONSISTENCY

  ITERATION N0:   1  VIRIAL RATIO = 1.9494390001  POTDIF =     0.6312392 HARTREE
  ITERATION N0:   2  VIRIAL RATIO = 1.9692660274  POTDIF =     0.4043141 HARTREE
  ITERATION N0:   3  VIRIAL RATIO = 1.9818185795  POTDIF =     0.2503512 HARTREE
  ITERATION N0:   4  VIRIAL RATIO = 1.9893997318  POTDIF =     0.1510092 HARTREE
  ITERATION N0:   5  VIRIAL RATIO = 1.9938509363  POTDIF =     0.0981224 HARTREE
  ITERATION N0:   6  VIRIAL RATIO = 1.9964285078  POTDIF =     0.0658904 HARTREE
  ITERATION N0:   7  VIRIAL RATIO = 1.9979150175  POTDIF =     0.0445518 HARTREE
  ITERATION N0:   8  VIRIAL RATIO = 1.9987739427  POTDIF =     0.0302206 HARTREE
  ITERATION N0:   9  VIRIAL RATIO = 1.9992729075  POTDIF =     0.0205330 HARTREE
  ITERATION N0:  10  VIRIAL RATIO = 1.9995648743  POTDIF =     0.0139608 HARTREE
  ITERATION N0:  11  VIRIAL RATIO = 1.9997371379  POTDIF =     0.0094768 HARTREE
  ITERATION N0:  12  VIRIAL RATIO = 1.9998396784  POTDIF =     0.0064355 HARTREE
  ITERATION N0:  13  VIRIAL RATIO = 1.9999012775  POTDIF =     0.0043622 HARTREE
  ITERATION N0:  14  VIRIAL RATIO = 1.9999386275  POTDIF =     0.0029522 HARTREE
  ITERATION N0:  15  VIRIAL RATIO = 1.9999614858  POTDIF =     0.0019977 HARTREE
  ITERATION N0:  16  VIRIAL RATIO = 1.9999756040  POTDIF =     0.0013504 HARTREE
  ITERATION N0:  17  VIRIAL RATIO = 1.9999844019  POTDIF =     0.0009118 HARTREE
  ITERATION N0:  18  VIRIAL RATIO = 1.9999899311  POTDIF =     0.0006149 HARTREE
  ITERATION N0:  19  VIRIAL RATIO = 1.9999934339  POTDIF =     0.0004144 HARTREE
  ITERATION N0:  20  VIRIAL RATIO = 1.9999956693  POTDIF =     0.0002790 HARTREE
  ITERATION N0:  21  VIRIAL RATIO = 1.9999971055  POTDIF =     0.0001877 HARTREE
  ITERATION N0:  22  VIRIAL RATIO = 1.9999980338  POTDIF =     0.0001262 HARTREE
  ITERATION N0:  23  VIRIAL RATIO = 1.9999986369  POTDIF =     0.0000848 HARTREE
  ITERATION N0:  24  VIRIAL RATIO = 1.9999990305  POTDIF =     0.0000569 HARTREE
  ITERATION N0:  25  VIRIAL RATIO = 1.9999992884  POTDIF =     0.0000382 HARTREE
  ITERATION N0:  26  VIRIAL RATIO = 1.9999994580  POTDIF =     0.0000256 HARTREE
  ITERATION N0:  27  VIRIAL RATIO = 1.9999995698  POTDIF =     0.0000172 HARTREE
  ITERATION N0:  28  VIRIAL RATIO = 1.9999996436  POTDIF =     0.0000115 HARTREE
  ITERATION N0:  29  VIRIAL RATIO = 1.9999996925  POTDIF =     0.0000077 HARTREE
  ITERATION N0:  30  VIRIAL RATIO = 1.9999997249  POTDIF =     0.0000052 HARTREE
  ITERATION N0:  31  VIRIAL RATIO = 1.9999997464  POTDIF =     0.0000035 HARTREE
  ITERATION N0:  32  VIRIAL RATIO = 1.9999997607  POTDIF =     0.0000023 HARTREE
  ITERATION N0:  33  VIRIAL RATIO = 1.9999997702  POTDIF =     0.0000015 HARTREE
  ITERATION N0:  34  VIRIAL RATIO = 1.9999997765  POTDIF =     0.0000010 HARTREE
  ITERATION N0:  35  VIRIAL RATIO = 1.9999997807  POTDIF =     0.0000007 HARTREE

CONVERGENCE AFTER  35 ITERATIONS

  ENERGY DIFFERENCE BETWEEN LAST 2 ITERATIONS    = 0.533E-14 < 0.1E-06 HARTREE
  POTENTIAL DIFFERENCE BETWEEN LAST 2 ITERATIONS = 0.692E-06 < 0.1E-05 HARTREE

--------------------------------------------------------------------------------

INFORMATION ON ACCURACY OF SOLUTION

  NONRELATIVISTIC LEVY-PERDEW X-ONLY VIRIAL RELATION:

  ABSOLUTE ERROR =     -0.0000016 HARTREE
  RELATIVE ERROR =   0.8807E-06

  CONVENTIONAL NONRELATIVISTIC VIRIAL RELATION:

  ABSOLUTE ERROR =     -0.0000016 HARTREE
  RELATIVE ERROR =   0.2193E-06

  KRIEGER-LI-IAFRATE IDENTITY FOR HIGHEST OCCUPIED ORBITAL:  N=2 L=0 J=0.5

                         LONGITUDINAL EXCHANGE     TOTAL EXCHANGE

  RHF-EXPECTATION VALUE =     -0.196194               -0.196194   HARTREE
  ABSOLUTE ERROR        =      0.000000                0.000000   HARTREE
  RELATIVE ERROR        =      0.000000                0.000000

  ORTHONORMALITY INTEGRALS:

   1S1/2 :  NORM UP TO OUTERMOST MESH POINT = 1.000000000000
            OVERLAP WITH  2S1/2              =  0.8266E-15
   2S1/2 :  NORM UP TO OUTERMOST MESH POINT = 1.000000000000
   2P1/2 :  NORM UP TO OUTERMOST MESH POINT = 1.000000000000
   2P3/2 :  NORM UP TO OUTERMOST MESH POINT = 1.000000000000


--------------------------------------------------------------------------------

INFORMATION ON ORBITALS

  EIGENVALUES:

  ORBITAL     N   L   J     OCCUPATION          EIGENVALUE

   1S1/2      1   0  0.5      2.0000         -2.08098387 HARTREE
   2S1/2      2   0  0.5      1.0000         -0.19619359 HARTREE
   2P1/2      2   1  0.5      0.0000         -0.12846406 HARTREE
   2P3/2      2   1  1.5      0.0000         -0.12846406 HARTREE

  VARIOUS R-EXPECTATION VALUES (IN POWERS OF BOHR):

   ORBITAL     N   L   J     OCCUPATION     <1/R>       <R>           <R**2>

    1S1/2      1   0  0.5      2.0000       2.6825    0.5744623     0.4503458945
    2S1/2      2   0  0.5      1.0000       0.3502    3.8740743    17.7579506696
    2P1/2      2   1  0.5      0.0000       0.2660    4.8012307    27.9100161043
    2P3/2      2   1  1.5      0.0000       0.2660    4.8012307    27.9100161043
   TOTAL DENSITY                            1.9051    1.6743330     6.2195474862

  DENSITY AT THE ORIGIN = 0.1381473850E+02 BOHR**(-3)

--------------------------------------------------------------------------------

INFORMATION ON ENERGY COMPONENTS

  TOTAL GROUND STATE ENERGY           =         -7.432377 HARTREE
  KINETIC ENERGY                      =          7.432378 HARTREE
  EXTERNAL POTENTIAL ENERGY           =        -17.145846 HARTREE
  HARTREE ENERGY                      =          4.061586 HARTREE
  EXCHANGE ENERGY                     =         -1.780495 HARTREE
  CORRELATION ENERGY                  =          0.000000 HARTREE
  EXCHANGE-CORRELATION ENERGY         =         -1.780495 HARTREE

--------------------------------------------------------------------------------

INFORMATION ON FILE HANDLING

  POTENTIALS WRITTEN OUT TO FILE: /home/trushin/MCEXX/relks_fncpp_new/potli                             

GENERATED ON  21/ 4/2023  AT  23:59:31:258

--------------------------------------------------------------------------------
