
RELATIVISTIC ELECTRONIC STRUCTURE CALCULATION FOR

  GROUND STATE OF MAGNESIUM ATOM          

  NUCLEAR CHARGE    =  12.0

  ELECTRONIC CHARGE =  12.0

--------------------------------------------------------------------------------

INFORMATION ON ELECTRONIC CONFIGURATION 

  ORBITAL     N   L   J     OCCUPATION

   1S1/2      1   0  0.5      2.0000
   2S1/2      2   0  0.5      2.0000
   2P1/2      2   1  0.5      2.0000
   2P3/2      2   1  1.5      4.0000
   3S1/2      3   0  0.5      2.0000
   3P1/2      3   1  0.5      0.0000
   3P3/2      3   1  1.5      0.0000
   3D3/2      3   2  1.5      0.0000
   3D5/2      3   2  2.5      0.0000

--------------------------------------------------------------------------------

INFORMATION ON METHOD

  EXCHANGE ENERGY FUNCTIONAL   : F/OPM                                   
                                 --> NORMALIZATION OF EXCHANGE POTENTIAL VIA 
                                     VXASY = - 1/R                           
  CORRELATION ENERGY FUNCTIONAL: NO CORRELATION FUNCTIONAL INCLUDED      

  FORM OF STARTING POTENTIAL   : INTERNAL STARTING POTENTIAL USED        
  MAXIMUM NUMBER OF ITERATIONS : 100

  LATTER CORRECTION CHARGE     : 0.0000
  SPEED OF LIGHT               : 0.1370359895E+09

  FORM OF NUCLEUS              : POINT NUCLEUS                           
  LARGE-R BOUNDARY CONDITIONS  : FREE ATOM                               

--------------------------------------------------------------------------------

INFORMATION ON RADIAL MESH

  NUMBER OF MESH POINTS   = 1600

  MESH PARAMETER H        =  0.0107048604882

  MINIMUM R-VALUE OF MESH =   0.0000036825624 BOHR

  MAXIMUM R-VALUE OF MESH = 100.0000000000000 BOHR

--------------------------------------------------------------------------------

ITERATION TOWARDS SELFCONSISTENCY

  ITERATION N0:   1  VIRIAL RATIO = 1.9654631916  POTDIF =     3.3592557 HARTREE
  ITERATION N0:   2  VIRIAL RATIO = 1.9854511415  POTDIF =    -2.1418546 HARTREE
  ITERATION N0:   3  VIRIAL RATIO = 1.9959330214  POTDIF =    -1.7906684 HARTREE
  ITERATION N0:   4  VIRIAL RATIO = 2.0003128081  POTDIF =    -1.3727013 HARTREE
  ITERATION N0:   5  VIRIAL RATIO = 2.0015812945  POTDIF =    -0.9881026 HARTREE
  ITERATION N0:   6  VIRIAL RATIO = 2.0015944172  POTDIF =    -0.6813488 HARTREE
  ITERATION N0:   7  VIRIAL RATIO = 2.0012442158  POTDIF =    -0.4568265 HARTREE
  ITERATION N0:   8  VIRIAL RATIO = 2.0008743436  POTDIF =    -0.3008710 HARTREE
  ITERATION N0:   9  VIRIAL RATIO = 2.0005829907  POTDIF =    -0.1959535 HARTREE
  ITERATION N0:  10  VIRIAL RATIO = 2.0003778304  POTDIF =    -0.1267422 HARTREE
  ITERATION N0:  11  VIRIAL RATIO = 2.0002410402  POTDIF =    -0.0816267 HARTREE
  ITERATION N0:  12  VIRIAL RATIO = 2.0001524510  POTDIF =    -0.0524335 HARTREE
  ITERATION N0:  13  VIRIAL RATIO = 2.0000959857  POTDIF =    -0.0336287 HARTREE
  ITERATION N0:  14  VIRIAL RATIO = 2.0000603042  POTDIF =    -0.0215487 HARTREE
  ITERATION N0:  15  VIRIAL RATIO = 2.0000378548  POTDIF =    -0.0138008 HARTREE
  ITERATION N0:  16  VIRIAL RATIO = 2.0000237569  POTDIF =    -0.0088361 HARTREE
  ITERATION N0:  17  VIRIAL RATIO = 2.0000149073  POTDIF =    -0.0056570 HARTREE
  ITERATION N0:  18  VIRIAL RATIO = 2.0000093499  POTDIF =    -0.0036210 HARTREE
  ITERATION N0:  19  VIRIAL RATIO = 2.0000058569  POTDIF =    -0.0023191 HARTREE
  ITERATION N0:  20  VIRIAL RATIO = 2.0000036591  POTDIF =    -0.0014844 HARTREE
  ITERATION N0:  21  VIRIAL RATIO = 2.0000022747  POTDIF =    -0.0009515 HARTREE
  ITERATION N0:  22  VIRIAL RATIO = 2.0000014016  POTDIF =    -0.0006084 HARTREE
  ITERATION N0:  23  VIRIAL RATIO = 2.0000008504  POTDIF =    -0.0003894 HARTREE
  ITERATION N0:  24  VIRIAL RATIO = 2.0000005021  POTDIF =    -0.0002500 HARTREE
  ITERATION N0:  25  VIRIAL RATIO = 2.0000002818  POTDIF =    -0.0001616 HARTREE
  ITERATION N0:  26  VIRIAL RATIO = 2.0000001423  POTDIF =    -0.0001033 HARTREE
  ITERATION N0:  27  VIRIAL RATIO = 2.0000000539  POTDIF =    -0.0000655 HARTREE
  ITERATION N0:  28  VIRIAL RATIO = 1.9999999979  POTDIF =    -0.0000418 HARTREE
  ITERATION N0:  29  VIRIAL RATIO = 1.9999999624  POTDIF =    -0.0000268 HARTREE
  ITERATION N0:  30  VIRIAL RATIO = 1.9999999398  POTDIF =    -0.0000168 HARTREE
  ITERATION N0:  31  VIRIAL RATIO = 1.9999999255  POTDIF =    -0.0000110 HARTREE
  ITERATION N0:  32  VIRIAL RATIO = 1.9999999164  POTDIF =    -0.0000069 HARTREE
  ITERATION N0:  33  VIRIAL RATIO = 1.9999999106  POTDIF =    -0.0000039 HARTREE
  ITERATION N0:  34  VIRIAL RATIO = 1.9999999069  POTDIF =    -0.0000034 HARTREE
  ITERATION N0:  35  VIRIAL RATIO = 1.9999999046  POTDIF =    -0.0000019 HARTREE
  ITERATION N0:  36  VIRIAL RATIO = 1.9999999031  POTDIF =    -0.0000029 HARTREE
  ITERATION N0:  37  VIRIAL RATIO = 1.9999999025  POTDIF =    -0.0000008 HARTREE

CONVERGENCE AFTER  37 ITERATIONS

  ENERGY DIFFERENCE BETWEEN LAST 2 ITERATIONS    = 0.313E-12 < 0.1E-06 HARTREE
  POTENTIAL DIFFERENCE BETWEEN LAST 2 ITERATIONS = 0.776E-06 < 0.1E-05 HARTREE

--------------------------------------------------------------------------------

INFORMATION ON ACCURACY OF SOLUTION

  NONRELATIVISTIC LEVY-PERDEW X-ONLY VIRIAL RELATION:

  ABSOLUTE ERROR =     -0.0000198 HARTREE
  RELATIVE ERROR =   0.1242E-05

  CONVENTIONAL NONRELATIVISTIC VIRIAL RELATION:

  ABSOLUTE ERROR =     -0.0000195 HARTREE
  RELATIVE ERROR =   0.9754E-07

  KRIEGER-LI-IAFRATE IDENTITY FOR HIGHEST OCCUPIED ORBITAL:  N=3 L=0 J=0.5

                         LONGITUDINAL EXCHANGE     TOTAL EXCHANGE

  RHF-EXPECTATION VALUE =     -0.253023               -0.253023   HARTREE
  ABSOLUTE ERROR        =      0.000000                0.000000   HARTREE
  RELATIVE ERROR        =      0.000000                0.000000

  ORTHONORMALITY INTEGRALS:

   1S1/2 :  NORM UP TO OUTERMOST MESH POINT = 1.000000000000
            OVERLAP WITH  2S1/2              = -0.1130E-14
            OVERLAP WITH  3S1/2              = -0.4066E-15
   2S1/2 :  NORM UP TO OUTERMOST MESH POINT = 1.000000000000
            OVERLAP WITH  3S1/2              =  0.1825E-15
   2P1/2 :  NORM UP TO OUTERMOST MESH POINT = 1.000000000000
            OVERLAP WITH  3P1/2              =  0.2692E-15
   2P3/2 :  NORM UP TO OUTERMOST MESH POINT = 1.000000000000
            OVERLAP WITH  3P3/2              =  0.6567E-15
   3S1/2 :  NORM UP TO OUTERMOST MESH POINT = 1.000000000000
   3P1/2 :  NORM UP TO OUTERMOST MESH POINT = 1.000000000000
   3P3/2 :  NORM UP TO OUTERMOST MESH POINT = 1.000000000000
   3D3/2 :  NORM UP TO OUTERMOST MESH POINT = 1.000000000000
   3D5/2 :  NORM UP TO OUTERMOST MESH POINT = 1.000000000000


--------------------------------------------------------------------------------

INFORMATION ON ORBITALS

  EIGENVALUES:

  ORBITAL     N   L   J     OCCUPATION          EIGENVALUE

   1S1/2      1   0  0.5      2.0000        -46.33047759 HARTREE
   2S1/2      2   0  0.5      2.0000         -3.10327539 HARTREE
   2P1/2      2   1  0.5      2.0000         -1.86501029 HARTREE
   2P3/2      2   1  1.5      4.0000         -1.86501029 HARTREE
   3S1/2      3   0  0.5      2.0000         -0.25302298 HARTREE
   3P1/2      3   1  0.5      0.0000         -0.13618730 HARTREE
   3P3/2      3   1  1.5      0.0000         -0.13618730 HARTREE
   3D3/2      3   2  1.5      0.0000         -0.05714710 HARTREE
   3D5/2      3   2  2.5      0.0000         -0.05714710 HARTREE

  VARIOUS R-EXPECTATION VALUES (IN POWERS OF BOHR):

   ORBITAL     N   L   J     OCCUPATION     <1/R>       <R>           <R**2>

    1S1/2      1   0  0.5      2.0000      11.5943    0.1307424     0.0230253084
    2S1/2      2   0  0.5      2.0000       2.0976    0.6942622     0.5785298044
    2P1/2      2   1  0.5      2.0000       1.9541    0.6851586     0.5995562416
    2P3/2      2   1  1.5      4.0000       1.9541    0.6851586     0.5995562416
    3S1/2      3   0  0.5      2.0000       0.4057    3.2497190    12.4147876623
    3P1/2      3   1  0.5      0.0000       0.2760    4.6927563    26.2322439958
    3P3/2      3   1  1.5      0.0000       0.2760    4.6927563    26.2322439958
    3D3/2      3   2  1.5      0.0000       0.1192    9.9720673   114.8231201558
    3D5/2      3   2  2.5      0.0000       0.1192    9.9720673   114.8231201558
   TOTAL DENSITY                            3.3267    1.0216999     2.4691685833

  DENSITY AT THE ORIGIN = 0.1093718089E+04 BOHR**(-3)

--------------------------------------------------------------------------------

INFORMATION ON ENERGY COMPONENTS

  TOTAL GROUND STATE ENERGY           =       -199.611580 HARTREE
  KINETIC ENERGY                      =        199.611600 HARTREE
  EXTERNAL POTENTIAL ENERGY           =       -479.042577 HARTREE
  HARTREE ENERGY                      =         95.807751 HARTREE
  EXCHANGE ENERGY                     =        -15.988354 HARTREE
  CORRELATION ENERGY                  =          0.000000 HARTREE
  EXCHANGE-CORRELATION ENERGY         =        -15.988354 HARTREE

--------------------------------------------------------------------------------

INFORMATION ON FILE HANDLING

  POTENTIALS WRITTEN OUT TO FILE: /home/trushin/MCEXX/relks_fncpp_new/potmg                             

GENERATED ON  20/ 4/2023  AT  16:16:39:606

--------------------------------------------------------------------------------
