
RELATIVISTIC ELECTRONIC STRUCTURE CALCULATION FOR

  GROUND STATE OF SODIUM ATOM             

  NUCLEAR CHARGE    =  11.0

  ELECTRONIC CHARGE =  11.0

--------------------------------------------------------------------------------

INFORMATION ON ELECTRONIC CONFIGURATION 

  ORBITAL     N   L   J     OCCUPATION

   1S1/2      1   0  0.5      2.0000
   2S1/2      2   0  0.5      2.0000
   2P1/2      2   1  0.5      2.0000
   2P3/2      2   1  1.5      4.0000
   3S1/2      3   0  0.5      1.0000
   3P1/2      3   1  0.5      0.0000
   3P3/2      3   1  1.5      0.0000
   3D3/2      3   2  1.5      0.0000
   3D5/2      3   2  2.5      0.0000

--------------------------------------------------------------------------------

INFORMATION ON METHOD

  EXCHANGE ENERGY FUNCTIONAL   : F/OPM                                   
                                 --> NORMALIZATION OF EXCHANGE POTENTIAL VIA 
                                     VXASY = - 1/R                           
  CORRELATION ENERGY FUNCTIONAL: NO CORRELATION FUNCTIONAL INCLUDED      

  FORM OF STARTING POTENTIAL   : INTERNAL STARTING POTENTIAL USED        
  MAXIMUM NUMBER OF ITERATIONS : 100

  LATTER CORRECTION CHARGE     : 0.0000
  SPEED OF LIGHT               : 0.1370359895E+09

  FORM OF NUCLEUS              : POINT NUCLEUS                           
  LARGE-R BOUNDARY CONDITIONS  : FREE ATOM                               

--------------------------------------------------------------------------------

INFORMATION ON RADIAL MESH

  NUMBER OF MESH POINTS   = 1600

  MESH PARAMETER H        =  0.0107162123318

  MINIMUM R-VALUE OF MESH =   0.0000036163211 BOHR

  MAXIMUM R-VALUE OF MESH =  99.9999999999999 BOHR

--------------------------------------------------------------------------------

ITERATION TOWARDS SELFCONSISTENCY

  ITERATION N0:   1  VIRIAL RATIO = 1.9615631767  POTDIF =     3.2247511 HARTREE
  ITERATION N0:   2  VIRIAL RATIO = 1.9847881088  POTDIF =    -2.0707894 HARTREE
  ITERATION N0:   3  VIRIAL RATIO = 1.9968599818  POTDIF =    -1.7462601 HARTREE
  ITERATION N0:   4  VIRIAL RATIO = 2.0015646507  POTDIF =    -1.3362274 HARTREE
  ITERATION N0:   5  VIRIAL RATIO = 2.0025811673  POTDIF =    -0.9530099 HARTREE
  ITERATION N0:   6  VIRIAL RATIO = 2.0022458686  POTDIF =    -0.6491364 HARTREE
  ITERATION N0:   7  VIRIAL RATIO = 2.0016291477  POTDIF =    -0.4300591 HARTREE
  ITERATION N0:   8  VIRIAL RATIO = 2.0010918710  POTDIF =    -0.2804325 HARTREE
  ITERATION N0:   9  VIRIAL RATIO = 2.0007040070  POTDIF =    -0.1812648 HARTREE
  ITERATION N0:  10  VIRIAL RATIO = 2.0004450967  POTDIF =    -0.1166089 HARTREE
  ITERATION N0:  11  VIRIAL RATIO = 2.0002786131  POTDIF =    -0.0748251 HARTREE
  ITERATION N0:  12  VIRIAL RATIO = 2.0001735433  POTDIF =    -0.0479519 HARTREE
  ITERATION N0:  13  VIRIAL RATIO = 2.0001078490  POTDIF =    -0.0307096 HARTREE
  ITERATION N0:  14  VIRIAL RATIO = 2.0000669580  POTDIF =    -0.0196631 HARTREE
  ITERATION N0:  15  VIRIAL RATIO = 2.0000415552  POTDIF =    -0.0125897 HARTREE
  ITERATION N0:  16  VIRIAL RATIO = 2.0000257840  POTDIF =    -0.0080606 HARTREE
  ITERATION N0:  17  VIRIAL RATIO = 2.0000159918  POTDIF =    -0.0051630 HARTREE
  ITERATION N0:  18  VIRIAL RATIO = 2.0000099096  POTDIF =    -0.0033063 HARTREE
  ITERATION N0:  19  VIRIAL RATIO = 2.0000061297  POTDIF =    -0.0021181 HARTREE
  ITERATION N0:  20  VIRIAL RATIO = 2.0000037794  POTDIF =    -0.0013576 HARTREE
  ITERATION N0:  21  VIRIAL RATIO = 2.0000023171  POTDIF =    -0.0008699 HARTREE
  ITERATION N0:  22  VIRIAL RATIO = 2.0000014069  POTDIF =    -0.0005581 HARTREE
  ITERATION N0:  23  VIRIAL RATIO = 2.0000008401  POTDIF =    -0.0003578 HARTREE
  ITERATION N0:  24  VIRIAL RATIO = 2.0000004870  POTDIF =    -0.0002300 HARTREE
  ITERATION N0:  25  VIRIAL RATIO = 2.0000002670  POTDIF =    -0.0001475 HARTREE
  ITERATION N0:  26  VIRIAL RATIO = 2.0000001299  POTDIF =    -0.0000951 HARTREE
  ITERATION N0:  27  VIRIAL RATIO = 2.0000000445  POTDIF =    -0.0000606 HARTREE
  ITERATION N0:  28  VIRIAL RATIO = 1.9999999912  POTDIF =    -0.0000387 HARTREE
  ITERATION N0:  29  VIRIAL RATIO = 1.9999999580  POTDIF =    -0.0000241 HARTREE
  ITERATION N0:  30  VIRIAL RATIO = 1.9999999374  POTDIF =    -0.0000157 HARTREE
  ITERATION N0:  31  VIRIAL RATIO = 1.9999999245  POTDIF =    -0.0000107 HARTREE
  ITERATION N0:  32  VIRIAL RATIO = 1.9999999165  POTDIF =    -0.0000073 HARTREE
  ITERATION N0:  33  VIRIAL RATIO = 1.9999999115  POTDIF =    -0.0000043 HARTREE
  ITERATION N0:  34  VIRIAL RATIO = 1.9999999084  POTDIF =    -0.0000025 HARTREE
  ITERATION N0:  35  VIRIAL RATIO = 1.9999999065  POTDIF =    -0.0000018 HARTREE
  ITERATION N0:  36  VIRIAL RATIO = 1.9999999053  POTDIF =    -0.0000014 HARTREE
  ITERATION N0:  37  VIRIAL RATIO = 1.9999999045  POTDIF =     0.0000006 HARTREE

CONVERGENCE AFTER  37 ITERATIONS

  ENERGY DIFFERENCE BETWEEN LAST 2 ITERATIONS    = 0.114E-12 < 0.1E-06 HARTREE
  POTENTIAL DIFFERENCE BETWEEN LAST 2 ITERATIONS = 0.626E-06 < 0.1E-05 HARTREE

--------------------------------------------------------------------------------

INFORMATION ON ACCURACY OF SOLUTION

  NONRELATIVISTIC LEVY-PERDEW X-ONLY VIRIAL RELATION:

  ABSOLUTE ERROR =     -0.0000156 HARTREE
  RELATIVE ERROR =   0.1116E-05

  CONVENTIONAL NONRELATIVISTIC VIRIAL RELATION:

  ABSOLUTE ERROR =     -0.0000155 HARTREE
  RELATIVE ERROR =   0.9546E-07

  KRIEGER-LI-IAFRATE IDENTITY FOR HIGHEST OCCUPIED ORBITAL:  N=3 L=0 J=0.5

                         LONGITUDINAL EXCHANGE     TOTAL EXCHANGE

  RHF-EXPECTATION VALUE =     -0.181839               -0.181839   HARTREE
  ABSOLUTE ERROR        =      0.000000                0.000000   HARTREE
  RELATIVE ERROR        =      0.000000                0.000000

  ORTHONORMALITY INTEGRALS:

   1S1/2 :  NORM UP TO OUTERMOST MESH POINT = 1.000000000000
            OVERLAP WITH  2S1/2              =  0.4126E-15
            OVERLAP WITH  3S1/2              =  0.2514E-15
   2S1/2 :  NORM UP TO OUTERMOST MESH POINT = 1.000000000000
            OVERLAP WITH  3S1/2              =  0.6923E-15
   2P1/2 :  NORM UP TO OUTERMOST MESH POINT = 1.000000000000
            OVERLAP WITH  3P1/2              =  0.1036E-14
   2P3/2 :  NORM UP TO OUTERMOST MESH POINT = 1.000000000000
            OVERLAP WITH  3P3/2              =  0.1625E-14
   3S1/2 :  NORM UP TO OUTERMOST MESH POINT = 1.000000000000
   3P1/2 :  NORM UP TO OUTERMOST MESH POINT = 1.000000000000
   3P3/2 :  NORM UP TO OUTERMOST MESH POINT = 1.000000000000
   3D3/2 :  NORM UP TO OUTERMOST MESH POINT = 1.000000000000
   3D5/2 :  NORM UP TO OUTERMOST MESH POINT = 1.000000000000


--------------------------------------------------------------------------------

INFORMATION ON ORBITALS

  EIGENVALUES:

  ORBITAL     N   L   J     OCCUPATION          EIGENVALUE

   1S1/2      1   0  0.5      2.0000        -38.04684217 HARTREE
   2S1/2      2   0  0.5      2.0000         -2.25354909 HARTREE
   2P1/2      2   1  0.5      2.0000         -1.20234997 HARTREE
   2P3/2      2   1  1.5      4.0000         -1.20234997 HARTREE
   3S1/2      3   0  0.5      1.0000         -0.18183886 HARTREE
   3P1/2      3   1  0.5      0.0000         -0.11001391 HARTREE
   3P3/2      3   1  1.5      0.0000         -0.11001391 HARTREE
   3D3/2      3   2  1.5      0.0000         -0.05572982 HARTREE
   3D5/2      3   2  2.5      0.0000         -0.05572982 HARTREE

  VARIOUS R-EXPECTATION VALUES (IN POWERS OF BOHR):

   ORBITAL     N   L   J     OCCUPATION     <1/R>       <R>           <R**2>

    1S1/2      1   0  0.5      2.0000      10.6032    0.1430513     0.0275812605
    2S1/2      2   0  0.5      2.0000       1.8620    0.7819474     0.7374180936
    2P1/2      2   1  0.5      2.0000       1.6989    0.7987129     0.8251582495
    2P3/2      2   1  1.5      4.0000       1.6989    0.7987129     0.8251582495
    3S1/2      3   0  0.5      1.0000       0.3063    4.2088435    20.7472229660
    3P1/2      3   1  0.5      0.0000       0.2096    5.9579767    41.4278265505
    3P3/2      3   1  1.5      0.0000       0.2096    5.9579767    41.4278265505
    3D3/2      3   2  1.5      0.0000       0.1120   10.4399986   124.7085757376
    3D5/2      3   2  2.5      0.0000       0.1120   10.4399986   124.7085757376
   TOTAL DENSITY                            3.2209    0.9864653     2.4752882883

  DENSITY AT THE ORIGIN = 0.8337539413E+03 BOHR**(-3)

--------------------------------------------------------------------------------

INFORMATION ON ENERGY COMPONENTS

  TOTAL GROUND STATE ENERGY           =       -161.856300 HARTREE
  KINETIC ENERGY                      =        161.856315 HARTREE
  EXTERNAL POTENTIAL ENERGY           =       -389.730494 HARTREE
  HARTREE ENERGY                      =         80.030316 HARTREE
  EXCHANGE ENERGY                     =        -14.012437 HARTREE
  CORRELATION ENERGY                  =          0.000000 HARTREE
  EXCHANGE-CORRELATION ENERGY         =        -14.012437 HARTREE

--------------------------------------------------------------------------------

INFORMATION ON FILE HANDLING

  POTENTIALS WRITTEN OUT TO FILE: /home/trushin/MCEXX/relks_fncpp_new/potna                             

GENERATED ON  22/ 4/2023  AT   0:11:34:727

--------------------------------------------------------------------------------
