
RELATIVISTIC ELECTRONIC STRUCTURE CALCULATION FOR

  GROUND STATE OF NEON ATOM               

  NUCLEAR CHARGE    =  10.0

  ELECTRONIC CHARGE =  10.0

--------------------------------------------------------------------------------

INFORMATION ON ELECTRONIC CONFIGURATION 

  ORBITAL     N   L   J     OCCUPATION

   1S1/2      1   0  0.5      2.0000
   2S1/2      2   0  0.5      2.0000
   2P1/2      2   1  0.5      2.0000
   2P3/2      2   1  1.5      4.0000

--------------------------------------------------------------------------------

INFORMATION ON METHOD

  EXCHANGE ENERGY FUNCTIONAL   : F/OPM                                   
                                 --> NORMALIZATION OF EXCHANGE POTENTIAL VIA 
                                     VXASY = - 1/R                           
  CORRELATION ENERGY FUNCTIONAL: NO CORRELATION FUNCTIONAL INCLUDED      

  FORM OF STARTING POTENTIAL   : INTERNAL STARTING POTENTIAL USED        
  MAXIMUM NUMBER OF ITERATIONS : 100

  LATTER CORRECTION CHARGE     : 0.0000
  SPEED OF LIGHT               : 0.1370359895E+09

  FORM OF NUCLEUS              : POINT NUCLEUS                           
  LARGE-R BOUNDARY CONDITIONS  : FREE ATOM                               

--------------------------------------------------------------------------------

INFORMATION ON RADIAL MESH

  NUMBER OF MESH POINTS   = 1600

  MESH PARAMETER H        =  0.0107345224276

  MINIMUM R-VALUE OF MESH =   0.0000035119779 BOHR

  MAXIMUM R-VALUE OF MESH = 100.0000000000000 BOHR

--------------------------------------------------------------------------------

ITERATION TOWARDS SELFCONSISTENCY

  ITERATION N0:   1  VIRIAL RATIO = 1.9568585885  POTDIF =     2.8191098 HARTREE
  ITERATION N0:   2  VIRIAL RATIO = 1.9845725583  POTDIF =    -2.1897831 HARTREE
  ITERATION N0:   3  VIRIAL RATIO = 1.9988455356  POTDIF =    -1.8200292 HARTREE
  ITERATION N0:   4  VIRIAL RATIO = 2.0038773004  POTDIF =    -1.3689351 HARTREE
  ITERATION N0:   5  VIRIAL RATIO = 2.0043761171  POTDIF =    -0.9552819 HARTREE
  ITERATION N0:   6  VIRIAL RATIO = 2.0034259929  POTDIF =    -0.6353911 HARTREE
  ITERATION N0:   7  VIRIAL RATIO = 2.0023559596  POTDIF =    -0.4113977 HARTREE
  ITERATION N0:   8  VIRIAL RATIO = 2.0015326050  POTDIF =    -0.2627354 HARTREE
  ITERATION N0:   9  VIRIAL RATIO = 2.0009726493  POTDIF =    -0.1666987 HARTREE
  ITERATION N0:  10  VIRIAL RATIO = 2.0006105184  POTDIF =    -0.1054537 HARTREE
  ITERATION N0:  11  VIRIAL RATIO = 2.0003813755  POTDIF =    -0.0666369 HARTREE
  ITERATION N0:  12  VIRIAL RATIO = 2.0002377672  POTDIF =    -0.0421001 HARTREE
  ITERATION N0:  13  VIRIAL RATIO = 2.0001481379  POTDIF =    -0.0266119 HARTREE
  ITERATION N0:  14  VIRIAL RATIO = 2.0000922901  POTDIF =    -0.0168260 HARTREE
  ITERATION N0:  15  VIRIAL RATIO = 2.0000575073  POTDIF =    -0.0106434 HARTREE
  ITERATION N0:  16  VIRIAL RATIO = 2.0000358409  POTDIF =    -0.0067383 HARTREE
  ITERATION N0:  17  VIRIAL RATIO = 2.0000223387  POTDIF =    -0.0042689 HARTREE
  ITERATION N0:  18  VIRIAL RATIO = 2.0000139192  POTDIF =    -0.0027047 HARTREE
  ITERATION N0:  19  VIRIAL RATIO = 2.0000086653  POTDIF =    -0.0017155 HARTREE
  ITERATION N0:  20  VIRIAL RATIO = 2.0000053843  POTDIF =    -0.0010884 HARTREE
  ITERATION N0:  21  VIRIAL RATIO = 2.0000033338  POTDIF =    -0.0006913 HARTREE
  ITERATION N0:  22  VIRIAL RATIO = 2.0000020512  POTDIF =    -0.0004403 HARTREE
  ITERATION N0:  23  VIRIAL RATIO = 2.0000012483  POTDIF =    -0.0002802 HARTREE
  ITERATION N0:  24  VIRIAL RATIO = 2.0000007453  POTDIF =    -0.0001784 HARTREE
  ITERATION N0:  25  VIRIAL RATIO = 2.0000004299  POTDIF =    -0.0001123 HARTREE
  ITERATION N0:  26  VIRIAL RATIO = 2.0000002320  POTDIF =    -0.0000723 HARTREE
  ITERATION N0:  27  VIRIAL RATIO = 2.0000001078  POTDIF =    -0.0000458 HARTREE
  ITERATION N0:  28  VIRIAL RATIO = 2.0000000297  POTDIF =    -0.0000291 HARTREE
  ITERATION N0:  29  VIRIAL RATIO = 1.9999999805  POTDIF =    -0.0000187 HARTREE
  ITERATION N0:  30  VIRIAL RATIO = 1.9999999496  POTDIF =    -0.0000125 HARTREE
  ITERATION N0:  31  VIRIAL RATIO = 1.9999999301  POTDIF =    -0.0000087 HARTREE
  ITERATION N0:  32  VIRIAL RATIO = 1.9999999179  POTDIF =    -0.0000041 HARTREE
  ITERATION N0:  33  VIRIAL RATIO = 1.9999999101  POTDIF =    -0.0000025 HARTREE
  ITERATION N0:  34  VIRIAL RATIO = 1.9999999052  POTDIF =    -0.0000022 HARTREE
  ITERATION N0:  35  VIRIAL RATIO = 1.9999999021  POTDIF =    -0.0000016 HARTREE
  ITERATION N0:  36  VIRIAL RATIO = 1.9999999002  POTDIF =    -0.0000006 HARTREE

CONVERGENCE AFTER  36 ITERATIONS

  ENERGY DIFFERENCE BETWEEN LAST 2 ITERATIONS    = 0.568E-13 < 0.1E-06 HARTREE
  POTENTIAL DIFFERENCE BETWEEN LAST 2 ITERATIONS = 0.612E-06 < 0.1E-05 HARTREE

--------------------------------------------------------------------------------

INFORMATION ON ACCURACY OF SOLUTION

  NONRELATIVISTIC LEVY-PERDEW X-ONLY VIRIAL RELATION:

  ABSOLUTE ERROR =     -0.0000133 HARTREE
  RELATIVE ERROR =   0.1096E-05

  CONVENTIONAL NONRELATIVISTIC VIRIAL RELATION:

  ABSOLUTE ERROR =     -0.0000128 HARTREE
  RELATIVE ERROR =   0.9981E-07

  KRIEGER-LI-IAFRATE IDENTITY FOR HIGHEST OCCUPIED ORBITAL:  N=2 L=1 J=0.5

                         LONGITUDINAL EXCHANGE     TOTAL EXCHANGE

  RHF-EXPECTATION VALUE =     -0.850710               -0.850710   HARTREE
  ABSOLUTE ERROR        =      0.000252                0.000252   HARTREE
  RELATIVE ERROR        =     -0.000297               -0.000297

  ORTHONORMALITY INTEGRALS:

   1S1/2 :  NORM UP TO OUTERMOST MESH POINT = 1.000000000000
            OVERLAP WITH  2S1/2              = -0.4049E-15
   2S1/2 :  NORM UP TO OUTERMOST MESH POINT = 1.000000000000
   2P1/2 :  NORM UP TO OUTERMOST MESH POINT = 1.000000000000
   2P3/2 :  NORM UP TO OUTERMOST MESH POINT = 1.000000000000


--------------------------------------------------------------------------------

INFORMATION ON ORBITALS

  EIGENVALUES:

  ORBITAL     N   L   J     OCCUPATION          EIGENVALUE

   1S1/2      1   0  0.5      2.0000        -30.81976531 HARTREE
   2S1/2      2   0  0.5      2.0000         -1.71787305 HARTREE
   2P1/2      2   1  0.5      2.0000         -0.85045797 HARTREE
   2P3/2      2   1  1.5      4.0000         -0.85045797 HARTREE

  VARIOUS R-EXPECTATION VALUES (IN POWERS OF BOHR):

   ORBITAL     N   L   J     OCCUPATION     <1/R>       <R>           <R**2>

    1S1/2      1   0  0.5      2.0000       9.6132    0.1578891     0.0336214086
    2S1/2      2   0  0.5      2.0000       1.6307    0.8940695     0.9712225977
    2P1/2      2   1  0.5      2.0000       1.4376    0.9645337     1.2269940441
    2P3/2      2   1  1.5      4.0000       1.4376    0.9645337     1.2269940441
   TOTAL DENSITY                            3.1113    0.7891119     0.9371652277

  DENSITY AT THE ORIGIN = 0.6199242908E+03 BOHR**(-3)

--------------------------------------------------------------------------------

INFORMATION ON ENERGY COMPONENTS

  TOTAL GROUND STATE ENERGY           =       -128.545415 HARTREE
  KINETIC ENERGY                      =        128.545428 HARTREE
  EXTERNAL POTENTIAL ENERGY           =       -311.132875 HARTREE
  HARTREE ENERGY                      =         66.147041 HARTREE
  EXCHANGE ENERGY                     =        -12.105010 HARTREE
  CORRELATION ENERGY                  =          0.000000 HARTREE
  EXCHANGE-CORRELATION ENERGY         =        -12.105010 HARTREE

--------------------------------------------------------------------------------

INFORMATION ON FILE HANDLING

  POTENTIALS WRITTEN OUT TO FILE: /home/trushin/MCEXX/relks_fncpp_new/potne                             

GENERATED ON  20/ 4/2023  AT  16:11:50: 71

--------------------------------------------------------------------------------
