
RELATIVISTIC ELECTRONIC STRUCTURE CALCULATION FOR

  GROUND STATE OF ZINC ATOM               

  NUCLEAR CHARGE    =  30.0

  ELECTRONIC CHARGE =  30.0

--------------------------------------------------------------------------------

INFORMATION ON ELECTRONIC CONFIGURATION 

  ORBITAL     N   L   J     OCCUPATION

   1S1/2      1   0  0.5      2.0000
   2S1/2      2   0  0.5      2.0000
   2P1/2      2   1  0.5      2.0000
   2P3/2      2   1  1.5      4.0000
   3S1/2      3   0  0.5      2.0000
   3P1/2      3   1  0.5      2.0000
   3P3/2      3   1  1.5      4.0000
   3D3/2      3   2  1.5      4.0000
   3D5/2      3   2  2.5      6.0000
   4S1/2      4   0  0.5      2.0000

--------------------------------------------------------------------------------

INFORMATION ON METHOD

  EXCHANGE ENERGY FUNCTIONAL   : F/OPM                                   
                                 --> NORMALIZATION OF EXCHANGE POTENTIAL VIA 
                                     VXASY = - 1/R                           
  CORRELATION ENERGY FUNCTIONAL: NO CORRELATION FUNCTIONAL INCLUDED      

  FORM OF STARTING POTENTIAL   : INTERNAL STARTING POTENTIAL USED        
  MAXIMUM NUMBER OF ITERATIONS : 100

  LATTER CORRECTION CHARGE     : 0.0000
  SPEED OF LIGHT               : 0.1370359895E+09

  FORM OF NUCLEUS              : POINT NUCLEUS                           
  LARGE-R BOUNDARY CONDITIONS  : FREE ATOM                               

--------------------------------------------------------------------------------

INFORMATION ON RADIAL MESH

  NUMBER OF MESH POINTS   = 1600

  MESH PARAMETER H        =  0.0105365365500

  MINIMUM R-VALUE OF MESH =   0.0000048199271 BOHR

  MAXIMUM R-VALUE OF MESH = 100.0000000000002 BOHR

--------------------------------------------------------------------------------

ITERATION TOWARDS SELFCONSISTENCY

  ITERATION N0:   1  VIRIAL RATIO = 2.0041795650  POTDIF =   -14.2001043 HARTREE
  ITERATION N0:   2  VIRIAL RATIO = 2.0090304638  POTDIF =   -10.8569313 HARTREE
  ITERATION N0:   3  VIRIAL RATIO = 2.0095938969  POTDIF =    -7.9019664 HARTREE
  ITERATION N0:   4  VIRIAL RATIO = 2.0074453783  POTDIF =    -5.3994083 HARTREE
  ITERATION N0:   5  VIRIAL RATIO = 2.0047838896  POTDIF =    -3.5003685 HARTREE
  ITERATION N0:   6  VIRIAL RATIO = 2.0028312561  POTDIF =    -2.2148092 HARTREE
  ITERATION N0:   7  VIRIAL RATIO = 2.0016381994  POTDIF =    -1.3923952 HARTREE
  ITERATION N0:   8  VIRIAL RATIO = 2.0009441065  POTDIF =    -0.8745370 HARTREE
  ITERATION N0:   9  VIRIAL RATIO = 2.0005459137  POTDIF =    -0.5498288 HARTREE
  ITERATION N0:  10  VIRIAL RATIO = 2.0003178249  POTDIF =    -0.3463006 HARTREE
  ITERATION N0:  11  VIRIAL RATIO = 2.0001865136  POTDIF =    -0.2185569 HARTREE
  ITERATION N0:  12  VIRIAL RATIO = 2.0001103224  POTDIF =    -0.1382066 HARTREE
  ITERATION N0:  13  VIRIAL RATIO = 2.0000657310  POTDIF =    -0.0875633 HARTREE
  ITERATION N0:  14  VIRIAL RATIO = 2.0000394139  POTDIF =    -0.0555704 HARTREE
  ITERATION N0:  15  VIRIAL RATIO = 2.0000237627  POTDIF =    -0.0353208 HARTREE
  ITERATION N0:  16  VIRIAL RATIO = 2.0000143912  POTDIF =    -0.0224809 HARTREE
  ITERATION N0:  17  VIRIAL RATIO = 2.0000087466  POTDIF =    -0.0143187 HARTREE
  ITERATION N0:  18  VIRIAL RATIO = 2.0000053294  POTDIF =    -0.0091545 HARTREE
  ITERATION N0:  19  VIRIAL RATIO = 2.0000032516  POTDIF =    -0.0058358 HARTREE
  ITERATION N0:  20  VIRIAL RATIO = 2.0000019833  POTDIF =    -0.0037272 HARTREE
  ITERATION N0:  21  VIRIAL RATIO = 2.0000012067  POTDIF =    -0.0023832 HARTREE
  ITERATION N0:  22  VIRIAL RATIO = 2.0000007297  POTDIF =    -0.0015341 HARTREE
  ITERATION N0:  23  VIRIAL RATIO = 2.0000004360  POTDIF =    -0.0009831 HARTREE
  ITERATION N0:  24  VIRIAL RATIO = 2.0000002547  POTDIF =    -0.0006274 HARTREE
  ITERATION N0:  25  VIRIAL RATIO = 2.0000001425  POTDIF =    -0.0004057 HARTREE
  ITERATION N0:  26  VIRIAL RATIO = 2.0000000730  POTDIF =    -0.0002532 HARTREE
  ITERATION N0:  27  VIRIAL RATIO = 2.0000000299  POTDIF =    -0.0001712 HARTREE
  ITERATION N0:  28  VIRIAL RATIO = 2.0000000031  POTDIF =    -0.0001068 HARTREE
  ITERATION N0:  29  VIRIAL RATIO = 1.9999999863  POTDIF =    -0.0000649 HARTREE
  ITERATION N0:  30  VIRIAL RATIO = 1.9999999759  POTDIF =    -0.0000403 HARTREE
  ITERATION N0:  31  VIRIAL RATIO = 1.9999999694  POTDIF =    -0.0000263 HARTREE
  ITERATION N0:  32  VIRIAL RATIO = 1.9999999653  POTDIF =    -0.0000167 HARTREE
  ITERATION N0:  33  VIRIAL RATIO = 1.9999999628  POTDIF =    -0.0000189 HARTREE
  ITERATION N0:  34  VIRIAL RATIO = 1.9999999614  POTDIF =    -0.0000075 HARTREE
  ITERATION N0:  35  VIRIAL RATIO = 1.9999999604  POTDIF =    -0.0000082 HARTREE
  ITERATION N0:  36  VIRIAL RATIO = 1.9999999598  POTDIF =    -0.0000126 HARTREE
  ITERATION N0:  37  VIRIAL RATIO = 1.9999999595  POTDIF =    -0.0000084 HARTREE
  ITERATION N0:  38  VIRIAL RATIO = 1.9999999593  POTDIF =    -0.0000041 HARTREE
  ITERATION N0:  39  VIRIAL RATIO = 1.9999999591  POTDIF =    -0.0000019 HARTREE
  ITERATION N0:  40  VIRIAL RATIO = 1.9999999589  POTDIF =     0.0000050 HARTREE
  ITERATION N0:  41  VIRIAL RATIO = 1.9999999588  POTDIF =     0.0000015 HARTREE
  ITERATION N0:  42  VIRIAL RATIO = 1.9999999587  POTDIF =    -0.0000064 HARTREE
  ITERATION N0:  43  VIRIAL RATIO = 1.9999999587  POTDIF =    -0.0000045 HARTREE
  ITERATION N0:  44  VIRIAL RATIO = 1.9999999587  POTDIF =    -0.0000095 HARTREE
  ITERATION N0:  45  VIRIAL RATIO = 1.9999999586  POTDIF =    -0.0000057 HARTREE
  ITERATION N0:  46  VIRIAL RATIO = 1.9999999586  POTDIF =     0.0000018 HARTREE
  ITERATION N0:  47  VIRIAL RATIO = 1.9999999586  POTDIF =    -0.0000126 HARTREE
  ITERATION N0:  48  VIRIAL RATIO = 1.9999999586  POTDIF =     0.0000010 HARTREE

CONVERGENCE AFTER  48 ITERATIONS

  ENERGY DIFFERENCE BETWEEN LAST 2 ITERATIONS    = 0.341E-11 < 0.1E-06 HARTREE
  POTENTIAL DIFFERENCE BETWEEN LAST 2 ITERATIONS = 0.987E-06 < 0.1E-05 HARTREE

--------------------------------------------------------------------------------

INFORMATION ON ACCURACY OF SOLUTION

  NONRELATIVISTIC LEVY-PERDEW X-ONLY VIRIAL RELATION:

  ABSOLUTE ERROR =     -0.0000739 HARTREE
  RELATIVE ERROR =   0.1061E-05

  CONVENTIONAL NONRELATIVISTIC VIRIAL RELATION:

  ABSOLUTE ERROR =     -0.0000737 HARTREE
  RELATIVE ERROR =   0.4144E-07

  KRIEGER-LI-IAFRATE IDENTITY FOR HIGHEST OCCUPIED ORBITAL:  N=4 L=0 J=0.5

                         LONGITUDINAL EXCHANGE     TOTAL EXCHANGE

  RHF-EXPECTATION VALUE =     -0.292805               -0.292805   HARTREE
  ABSOLUTE ERROR        =      0.000000                0.000000   HARTREE
  RELATIVE ERROR        =     -0.000001               -0.000001

  ORTHONORMALITY INTEGRALS:

   1S1/2 :  NORM UP TO OUTERMOST MESH POINT = 1.000000000000
            OVERLAP WITH  2S1/2              = -0.1883E-14
            OVERLAP WITH  3S1/2              = -0.1675E-14
            OVERLAP WITH  4S1/2              =  0.4738E-15
   2S1/2 :  NORM UP TO OUTERMOST MESH POINT = 1.000000000000
            OVERLAP WITH  3S1/2              = -0.8765E-13
            OVERLAP WITH  4S1/2              = -0.1812E-13
   2P1/2 :  NORM UP TO OUTERMOST MESH POINT = 1.000000000000
            OVERLAP WITH  3P1/2              =  0.5262E-14
   2P3/2 :  NORM UP TO OUTERMOST MESH POINT = 1.000000000000
            OVERLAP WITH  3P3/2              = -0.3563E-14
   3S1/2 :  NORM UP TO OUTERMOST MESH POINT = 1.000000000000
            OVERLAP WITH  4S1/2              = -0.1043E-14
   3P1/2 :  NORM UP TO OUTERMOST MESH POINT = 1.000000000000
   3P3/2 :  NORM UP TO OUTERMOST MESH POINT = 1.000000000000
   3D3/2 :  NORM UP TO OUTERMOST MESH POINT = 1.000000000000
   3D5/2 :  NORM UP TO OUTERMOST MESH POINT = 1.000000000000
   4S1/2 :  NORM UP TO OUTERMOST MESH POINT = 1.000000000000


--------------------------------------------------------------------------------

INFORMATION ON ORBITALS

  EIGENVALUES:

  ORBITAL     N   L   J     OCCUPATION          EIGENVALUE

   1S1/2      1   0  0.5      2.0000       -345.75574788 HARTREE
   2S1/2      2   0  0.5      2.0000        -41.71419868 HARTREE
   2P1/2      2   1  0.5      2.0000        -36.74210982 HARTREE
   2P3/2      2   1  1.5      4.0000        -36.74210982 HARTREE
   3S1/2      3   0  0.5      2.0000         -4.79616548 HARTREE
   3P1/2      3   1  0.5      2.0000         -3.21065977 HARTREE
   3P3/2      3   1  1.5      4.0000         -3.21065977 HARTREE
   3D3/2      3   2  1.5      4.0000         -0.53780364 HARTREE
   3D5/2      3   2  2.5      6.0000         -0.53780364 HARTREE
   4S1/2      4   0  0.5      2.0000         -0.29280510 HARTREE

  VARIOUS R-EXPECTATION VALUES (IN POWERS OF BOHR):

   ORBITAL     N   L   J     OCCUPATION     <1/R>       <R>           <R**2>

    1S1/2      1   0  0.5      2.0000      29.5148    0.0510866     0.0034971536
    2S1/2      2   0  0.5      2.0000       6.4448    0.2294322     0.0620348191
    2P1/2      2   1  0.5      2.0000       6.4020    0.1995753     0.0487675594
    2P3/2      2   1  1.5      4.0000       6.4020    0.1995753     0.0487675594
    3S1/2      3   0  0.5      2.0000       2.0394    0.6918955     0.5522787859
    3P1/2      3   1  0.5      2.0000       1.9077    0.7184394     0.6080878595
    3P3/2      3   1  1.5      4.0000       1.9077    0.7184394     0.6080878595
    3D3/2      3   2  1.5      4.0000       1.5294    0.8816648     1.0356909618
    3D5/2      3   2  2.5      6.0000       1.5294    0.8816648     1.0356909618
    4S1/2      4   0  0.5      2.0000       0.4583    2.8619997     9.7085335321
   TOTAL DENSITY                            4.7356    0.7331188     1.1650243571

  DENSITY AT THE ORIGIN = 0.1844748169E+05 BOHR**(-3)

--------------------------------------------------------------------------------

INFORMATION ON ENERGY COMPONENTS

  TOTAL GROUND STATE ENERGY           =      -1777.834356 HARTREE
  KINETIC ENERGY                      =       1777.834430 HARTREE
  EXTERNAL POTENTIAL ENERGY           =      -4262.011863 HARTREE
  HARTREE ENERGY                      =        775.961903 HARTREE
  EXCHANGE ENERGY                     =        -69.618826 HARTREE
  CORRELATION ENERGY                  =          0.000000 HARTREE
  EXCHANGE-CORRELATION ENERGY         =        -69.618826 HARTREE

--------------------------------------------------------------------------------

INFORMATION ON FILE HANDLING

  POTENTIALS WRITTEN OUT TO FILE: /home/trushin/MCEXX/relks_fncpp_new/potzn                             

GENERATED ON  21/ 4/2023  AT  15:57:38: 19

--------------------------------------------------------------------------------
